Stopping: 0 Dist Diff: 0.0000 
Stopping: 1 Dist Diff: 0.0000 
Stopping: 2 Dist Diff: 0.0000 
Stopping: 3 Dist Diff: 0.0000 
Stopped 0 
Stopped 1 
Stopped 2 
Stopped 3 
Go 0 SpeedFac:0.001356 DistDiff:-168.000000 
Go 1 SpeedFac:0.001558 DistDiff:-168.000000 
Go 2 SpeedFac:0.001736 DistDiff:-168.000000 
Go 3 SpeedFac:0.001918 DistDiff:-168.000000 
Stopping: 1 Dist Diff: -0.1125 
Stopping: 3 Dist Diff: -0.1000 
Stopping: 0 Dist Diff: -0.1000 
Still Stopping 1 
Stopping: 2 Dist Diff: -0.1125 
Still Stopping 3 
Still Stopping 0 
Still Stopping 1 
Still Stopping 2 
Still Stopping 3 
Still Stopping 0 
Still Stopping 1 
Still Stopping 2 
Still Stopping 3 
Still Stopping 0 
Still Stopping 1 
Still Stopping 2 
Still Stopping 3 
Still Stopping 0 
Still Stopping 1 
Still Stopping 2 
Still Stopping 3 
Still Stopping 0 
Still Stopping 1 
Still Stopping 2 
Still Stopping 3 
Still Stopping 0 
Still Stopping 1 
Still Stopping 2 
Still Stopping 3 
Stopped 0 
Stopped 1 
Stopped 2 
Stopped 3 
Go 0 SpeedFac:-0.001408 DistDiff:167.937500 
Go 1 SpeedFac:-0.001584 DistDiff:167.925000 
Go 2 SpeedFac:-0.001752 DistDiff:167.925000 
Go 3 SpeedFac:-0.001924 DistDiff:167.937500 
Stopping: 0 Dist Diff: 0.1000 
Stopping: 1 Dist Diff: 0.1000 
Stopping: 2 Dist Diff: 0.1000 
Still Stopping 0 
Still Stopping 1 
Still Stopping 2 
Stopping: 3 Dist Diff: 0.1000 
Still Stopping 0 
Still Stopping 1 
Still Stopping 2 
Still Stopping 3 
Still Stopping 0 
Still Stopping 1 
Still Stopping 2 
Still Stopping 3 
Still Stopping 0 
Still Stopping 1 
Still Stopping 2 
Still Stopping 3 
Still Stopping 0 
Still Stopping 1 
Still Stopping 2 
Still Stopping 3 
Still Stopping 0 
Still Stopping 1 
Still Stopping 2 
Still Stopping 3 
Stopped 0 
Stopped 1 
Stopped 2 
Stopped 3 
Go 0 SpeedFac:0.001400 DistDiff:-167.937500 
Go 1 SpeedFac:0.001580 DistDiff:-167.937500 
Go 2 SpeedFac:0.001752 DistDiff:-167.937500 
Go 3 SpeedFac:0.001930 DistDiff:-167.937500 
Stopping: 3 Dist Diff: -0.1000 
Stopping: 0 Dist Diff: -0.1125 
Stopping: 1 Dist Diff: -0.1000 
Still Stopping 3 
Still Stopping 0 
Still Stopping 1 
Still Stopping 3 
Still Stopping 0 
Still Stopping 1 
Stopping: 2 Dist Diff: -0.1000 
Still Stopping 3 
Still Stopping 0 
Still Stopping 1 
Still Stopping 2 
Still Stopping 3 
Still Stopping 0 
Still Stopping 1 
Still Stopping 2 
Still Stopping 3 
Still Stopping 0 
Still Stopping 1 
Still Stopping 2 
Still Stopping 3 
Still Stopping 0 
Still Stopping 1 
Still Stopping 2 
Still Stopping 3 
Still Stopping 0 
Still Stopping 1 
Still Stopping 2 
Still Stopping 3 
Stopped 0 
Stopped 1 
Stopped 2 
Stopped 3 
Go 0 SpeedFac:-0.001408 DistDiff:167.925000 
Go 1 SpeedFac:-0.001590 DistDiff:167.937500 
Go 2 SpeedFac:-0.001762 DistDiff:167.925000 
Go 3 SpeedFac:-0.001934 DistDiff:167.912500 
Stopping: 0 Dist Diff: 0.1000 
Still Stopping 0 
Stopping: 1 Dist Diff: 0.1125 
Stopping: 2 Dist Diff: 0.1000 
Stopping: 3 Dist Diff: 0.1000 
Still Stopping 0 
Still Stopping 1 
Still Stopping 2 
Still Stopping 3 
Still Stopping 0 
Still Stopping 1 
Still Stopping 2 
Still Stopping 3 
Still Stopping 0 
Still Stopping 1 
Still Stopping 2 
Still Stopping 3 
Still Stopping 0 
Still Stopping 1 
Still Stopping 2 
Still Stopping 3 
Still Stopping 0 
Still Stopping 1 
Still Stopping 2 
Still Stopping 3 
Still Stopping 0 
Still Stopping 1 
Still Stopping 2 
Still Stopping 3 
Stopped 0 
Stopped 1 
Stopped 2 
Stopped 3 
Go 0 SpeedFac:0.001402 DistDiff:-167.937500 
Go 1 SpeedFac:0.001580 DistDiff:-167.925000 
Go 2 SpeedFac:0.001752 DistDiff:-167.937500 
Go 3 SpeedFac:0.001930 DistDiff:-167.937500 
Stopping: 0 Dist Diff: -0.1000 
Stopping: 2 Dist Diff: -0.1125 
Stopping: 3 Dist Diff: -0.1125 
Still Stopping 0 
Stopping: 1 Dist Diff: -0.1000 
Still Stopping 2 
Still Stopping 3 
Still Stopping 0 
Still Stopping 1 
Still Stopping 2 
Still Stopping 3 
Still Stopping 0 
Still Stopping 1 
Still Stopping 2 
Still Stopping 3 
Still Stopping 0 
Still Stopping 1 
Still Stopping 2 
Still Stopping 3 
Still Stopping 0 
Still Stopping 1 
Still Stopping 2 
Still Stopping 3 
Still Stopping 0 
Still Stopping 1 
Still Stopping 2 
Still Stopping 3 
Stopped 0 
Stopped 1 
Stopped 2 
Stopped 3 
Go 0 SpeedFac:-0.001414 DistDiff:167.937500 
Go 1 SpeedFac:-0.001590 DistDiff:167.937500 
Go 2 SpeedFac:-0.001758 DistDiff:167.925000 
Go 3 SpeedFac:-0.001934 DistDiff:167.900000 
Stopping: 1 Dist Diff: 0.1000 
Stopping: 2 Dist Diff: 0.1000 
Stopping: 3 Dist Diff: 0.1000 
Stopping: 0 Dist Diff: 0.1000 
Still Stopping 1 
Still Stopping 2 
Still Stopping 3 
Still Stopping 0 
Still Stopping 1 
Still Stopping 2 
Still Stopping 3 
Still Stopping 0 
Still Stopping 1 
Still Stopping 2 
Still Stopping 3 
Still Stopping 0 
Still Stopping 1 
Still Stopping 2 
Still Stopping 3 
Still Stopping 0 
Still Stopping 1 
Still Stopping 2 
Still Stopping 3 
Still Stopping 0 
Still Stopping 1 
Still Stopping 2 
Still Stopping 3 
Still Stopping 0 
Still Stopping 1 
Still Stopping 2 
Still Stopping 3 
Stopped 0 
Still Stopping 1 
Still Stopping 2 
Still Stopping 3 
Stopped 1 
Stopped 2 
Stopped 3 
Go 0 SpeedFac:0.001402 DistDiff:-167.937500 
Go 1 SpeedFac:0.001580 DistDiff:-167.912500 
Go 2 SpeedFac:0.001756 DistDiff:-167.912500 
Go 3 SpeedFac:0.001932 DistDiff:-167.912500 
Stopping: 1 Dist Diff: -0.1125 
Stopping: 3 Dist Diff: -0.1125 
Stopping: 0 Dist Diff: -0.1000 
Still Stopping 1 
Stopping: 2 Dist Diff: -0.1000 
Still Stopping 3 
Still Stopping 0 
Still Stopping 1 
Still Stopping 2 
Still Stopping 3 
Still Stopping 0 
Still Stopping 1 
Still Stopping 2 
Still Stopping 3 
Still Stopping 0 
Still Stopping 1 
Still Stopping 2 
Still Stopping 3 
Still Stopping 0 
Still Stopping 1 
Still Stopping 2 
Still Stopping 3 
Still Stopping 0 
Still Stopping 1 
Still Stopping 2 
Still Stopping 3 
Still Stopping 0 
Still Stopping 1 
Still Stopping 2 
Still Stopping 3 
Stopped 0 
Stopped 1 
Stopped 2 
Stopped 3 
Go 0 SpeedFac:-0.001412 DistDiff:167.937500 
Go 1 SpeedFac:-0.001586 DistDiff:167.925000 
Go 2 SpeedFac:-0.001754 DistDiff:167.937500 
Go 3 SpeedFac:-0.001932 DistDiff:167.912500 
Stopping: 1 Dist Diff: 0.1000 
Stopping: 3 Dist Diff: 0.1000 
Stopping: 0 Dist Diff: 0.1000 
Still Stopping 1 
Stopping: 2 Dist Diff: 0.1125 
Still Stopping 3 
Still Stopping 0 
Still Stopping 1 
Still Stopping 2 
Still Stopping 3 
Still Stopping 0 
Still Stopping 1 
Still Stopping 2 
Still Stopping 3 
Still Stopping 0 
Still Stopping 1 
Still Stopping 2 
Still Stopping 3 
Still Stopping 0 
Still Stopping 1 
Still Stopping 2 
Still Stopping 3 
Still Stopping 0 
Still Stopping 1 
Still Stopping 2 
Still Stopping 3 
Still Stopping 0 
Still Stopping 1 
Still Stopping 2 
Still Stopping 3 
Stopped 0 
Still Stopping 1 
Still Stopping 2 
Still Stopping 3 
Stopped 1 
Stopped 2 
Stopped 3 
Go 0 SpeedFac:0.001404 DistDiff:-167.937500 
Go 1 SpeedFac:0.001584 DistDiff:-167.912500 
Go 2 SpeedFac:0.001758 DistDiff:-167.925000 
Go 3 SpeedFac:0.001938 DistDiff:-167.912500 
Stopping: 3 Dist Diff: -0.1000 
Stopping: 0 Dist Diff: -0.1000 
Stopping: 1 Dist Diff: -0.1000 
Stopping: 2 Dist Diff: -0.1000 
Still Stopping 3 
Still Stopping 0 
Still Stopping 1 
Still Stopping 2 
Still Stopping 3 
Still Stopping 0 
Still Stopping 1 
Still Stopping 2 
Still Stopping 3 
Still Stopping 0 
Still Stopping 1 
Still Stopping 2 
Still Stopping 3 
Still Stopping 0 
Still Stopping 1 
Still Stopping 2 
Still Stopping 3 
Still Stopping 0 
Still Stopping 1 
Still Stopping 2 
Still Stopping 3 
Still Stopping 0 
Still Stopping 1 
Still Stopping 2 
Still Stopping 3 
Still Stopping 0 
Still Stopping 1 
Still Stopping 2 
Still Stopping 3 
Stopped 0 
Stopped 1 
Stopped 2 
Stopped 3 
Go 0 SpeedFac:-0.001410 DistDiff:167.937500 
Go 1 SpeedFac:-0.001586 DistDiff:167.937500 
Go 2 SpeedFac:-0.001758 DistDiff:167.937500 
Go 3 SpeedFac:-0.001932 DistDiff:167.912500 
Stopping: 0 Dist Diff: 0.1000 
Stopping: 1 Dist Diff: 0.1000 
Stopping: 2 Dist Diff: 0.0875 
Stopping: 3 Dist Diff: 0.1000 
Still Stopping 0 
Still Stopping 1 
Still Stopping 2 
Still Stopping 3 
Still Stopping 0 
Still Stopping 1 
Still Stopping 2 
Still Stopping 3 
Still Stopping 0 
Still Stopping 1 
Still Stopping 2 
Still Stopping 3 
Still Stopping 0 
Still Stopping 1 
Still Stopping 2 
Still Stopping 3 
Still Stopping 0 
Still Stopping 1 
Still Stopping 2 
Still Stopping 3 
Still Stopping 0 
Still Stopping 1 
Still Stopping 2 
Still Stopping 3 
Stopped 0 
Stopped 1 
Stopped 2 
Still Stopping 3 
Stopped 3 
Go 0 SpeedFac:0.001402 DistDiff:-167.937500 
Go 1 SpeedFac:0.001582 DistDiff:-167.937500 
Go 2 SpeedFac:0.001758 DistDiff:-167.937500 
Go 3 SpeedFac:0.001936 DistDiff:-167.937500 
Stopping: 0 Dist Diff: -0.1000 
Stopping: 1 Dist Diff: -0.1000 
Stopping: 2 Dist Diff: -0.1000 
Stopping: 3 Dist Diff: -0.1000 
Still Stopping 0 
Still Stopping 1 
Still Stopping 2 
Still Stopping 3 
Still Stopping 0 
Still Stopping 1 
Still Stopping 2 
Still Stopping 3 
Still Stopping 0 
Still Stopping 1 
Still Stopping 2 
Still Stopping 3 
Still Stopping 0 
Still Stopping 1 
Still Stopping 2 
Still Stopping 3 
Still Stopping 0 
Still Stopping 1 
Still Stopping 2 
Still Stopping 3 
Still Stopping 0 
Still Stopping 1 
Still Stopping 2 
Still Stopping 3 
Stopped 0 
Stopped 1 
Stopped 2 
Still Stopping 3 
Stopped 3 
Go 0 SpeedFac:-0.001414 DistDiff:167.937500 
Go 1 SpeedFac:-0.001592 DistDiff:167.937500 
Go 2 SpeedFac:-0.001764 DistDiff:167.937500 
Go 3 SpeedFac:-0.001940 DistDiff:167.937500 
Stopping: 1 Dist Diff: 0.1000 
Stopping: 2 Dist Diff: 0.1000 
Stopping: 3 Dist Diff: 0.1000 
Still Stopping 1 
Still Stopping 2 
Still Stopping 3 
Stopping: 0 Dist Diff: 0.1000 
Still Stopping 1 
Still Stopping 2 
Still Stopping 3 
Still Stopping 0 
Still Stopping 1 
Still Stopping 2 
Still Stopping 3 
Still Stopping 0 
Still Stopping 1 
Still Stopping 2 
Still Stopping 3 
Still Stopping 0 
Still Stopping 1 
Still Stopping 2 
Still Stopping 3 
Still Stopping 0 
Still Stopping 1 
Still Stopping 2 
Still Stopping 3 
Still Stopping 0 
Still Stopping 1 
Still Stopping 2 
Still Stopping 3 
Still Stopping 0 
Stopped 1 
Stopped 2 
Stopped 3 
Still Stopping 0 
Still Stopping 0 
Still Stopping 0 
Still Stopping 0 
Still Stopping 0 
Still Stopping 0 
Stopped 0 
Go 0 SpeedFac:0.001402 DistDiff:-167.937500 
Go 1 SpeedFac:0.001580 DistDiff:-167.912500 
Go 2 SpeedFac:0.001758 DistDiff:-167.912500 
Go 3 SpeedFac:0.001936 DistDiff:-167.912500 
Stopping: 1 Dist Diff: -0.1000 
Stopping: 2 Dist Diff: -0.1125 
Stopping: 0 Dist Diff: -0.1125 
Still Stopping 1 
Still Stopping 2 
Still Stopping 0 
Still Stopping 1 
Still Stopping 2 
Stopping: 3 Dist Diff: -0.1000 
Still Stopping 0 
Still Stopping 1 
Still Stopping 2 
Still Stopping 3 
Still Stopping 0 
Still Stopping 1 
Still Stopping 2 
Still Stopping 3 
Still Stopping 0 
Still Stopping 1 
Still Stopping 2 
Still Stopping 3 
Still Stopping 0 
Still Stopping 1 
Still Stopping 2 
Still Stopping 3 
Still Stopping 0 
Still Stopping 1 
Still Stopping 2 
Still Stopping 3 
Still Stopping 0 
Still Stopping 1 
Still Stopping 2 
Still Stopping 3 
Stopped 0 
Stopped 1 
Stopped 2 
Still Stopping 3 
Stopped 3 
Go 0 SpeedFac:-0.001410 DistDiff:167.900000 
Go 1 SpeedFac:-0.001582 DistDiff:167.912500 
Go 2 SpeedFac:-0.001756 DistDiff:167.912500 
Go 3 SpeedFac:-0.001932 DistDiff:167.937500 
Stopping: 1 Dist Diff: 0.1000 
Stopping: 0 Dist Diff: 0.1125 
Still Stopping 1 
Still Stopping 0 
Still Stopping 1 
Stopping: 3 Dist Diff: 0.1000 
Still Stopping 0 
Still Stopping 1 
Stopping: 2 Dist Diff: 0.1000 
Still Stopping 3 
Still Stopping 0 
Still Stopping 1 
Still Stopping 2 
Still Stopping 3 
Still Stopping 0 
Still Stopping 1 
Still Stopping 2 
Still Stopping 3 
Still Stopping 0 
Still Stopping 1 
Still Stopping 2 
Still Stopping 3 
Still Stopping 0 
Still Stopping 1 
Still Stopping 2 
Still Stopping 3 
Still Stopping 0 
Still Stopping 1 
Still Stopping 2 
Still Stopping 3 
Stopped 0 
Stopped 1 
Stopped 2 
Stopped 3 
Go 0 SpeedFac:0.001402 DistDiff:-167.925000 
Go 1 SpeedFac:0.001582 DistDiff:-167.912500 
Go 2 SpeedFac:0.001754 DistDiff:-167.925000 
Go 3 SpeedFac:0.001936 DistDiff:-167.937500 
Stopping: 1 Dist Diff: -0.1000 
Stopping: 3 Dist Diff: -0.1000 
Stopping: 0 Dist Diff: -0.1000 
Still Stopping 1 
Stopping: 2 Dist Diff: -0.1000 
Still Stopping 3 
Still Stopping 0 
Still Stopping 1 
Still Stopping 2 
Still Stopping 3 
Still Stopping 0 
Still Stopping 1 
Still Stopping 2 
Still Stopping 3 
Still Stopping 0 
Still Stopping 1 
Still Stopping 2 
Still Stopping 3 
Still Stopping 0 
Still Stopping 1 
Still Stopping 2 
Still Stopping 3 
Still Stopping 0 
Still Stopping 1 
Still Stopping 2 
Still Stopping 3 
Still Stopping 0 
Still Stopping 1 
Still Stopping 2 
Still Stopping 3 
Stopped 0 
Stopped 1 
Stopped 2 
Still Stopping 3 
Stopped 3 
Go 0 SpeedFac:-0.001408 DistDiff:167.937500 
Go 1 SpeedFac:-0.001584 DistDiff:167.912500 
Go 2 SpeedFac:-0.001756 DistDiff:167.937500 
Go 3 SpeedFac:-0.001932 DistDiff:167.912500 
Stopping: 2 Dist Diff: 0.1000 
Stopping: 3 Dist Diff: 0.1125 
Stopping: 0 Dist Diff: 0.1000 
Stopping: 1 Dist Diff: 0.1000 
Still Stopping 2 
Still Stopping 3 
Still Stopping 0 
Still Stopping 1 
Still Stopping 2 
Still Stopping 3 
Still Stopping 0 
Still Stopping 1 
Still Stopping 2 
Still Stopping 3 
Still Stopping 0 
Still Stopping 1 
Still Stopping 2 
Still Stopping 3 
Still Stopping 0 
Still Stopping 1 
Still Stopping 2 
Still Stopping 3 
Still Stopping 0 
Still Stopping 1 
Still Stopping 2 
Still Stopping 3 
Still Stopping 0 
Still Stopping 1 
Still Stopping 2 
Still Stopping 3 
Still Stopping 0 
Still Stopping 1 
Still Stopping 2 
Still Stopping 3 
Stopped 0 
Stopped 1 
Stopped 2 
Stopped 3 
Go 0 SpeedFac:0.001402 DistDiff:-167.937500 
Go 1 SpeedFac:0.001582 DistDiff:-167.937500 
Go 2 SpeedFac:0.001756 DistDiff:-167.912500 
Go 3 SpeedFac:0.001936 DistDiff:-167.912500 
Stopping: 0 Dist Diff: -0.1000 
Stopping: 1 Dist Diff: -0.1000 
Stopping: 2 Dist Diff: -0.1000 
Stopping: 3 Dist Diff: -0.1000 
Still Stopping 0 
Still Stopping 1 
Still Stopping 2 
Still Stopping 3 
Still Stopping 0 
Still Stopping 1 
Still Stopping 2 
Still Stopping 3 
Still Stopping 0 
Still Stopping 1 
Still Stopping 2 
Still Stopping 3 
Still Stopping 0 
Still Stopping 1 
Still Stopping 2 
Still Stopping 3 
Still Stopping 0 
Still Stopping 1 
Still Stopping 2 
Still Stopping 3 
Still Stopping 0 
Still Stopping 1 
Still Stopping 2 
Still Stopping 3 
Stopped 0 
Stopped 1 
Stopped 2 
Still Stopping 3 
Stopped 3 
Go 0 SpeedFac:-0.001410 DistDiff:167.937500 
Go 1 SpeedFac:-0.001586 DistDiff:167.937500 
Go 2 SpeedFac:-0.001758 DistDiff:167.937500 
Go 3 SpeedFac:-0.001938 DistDiff:167.937500 
Stopping: 0 Dist Diff: 0.1125 
Still Stopping 0 
Still Stopping 0 
Stopping: 2 Dist Diff: 0.1000 
Stopping: 3 Dist Diff: 0.1000 
Still Stopping 0 
Stopping: 1 Dist Diff: 0.1000 
Still Stopping 2 
Still Stopping 3 
Still Stopping 0 
Still Stopping 1 
Still Stopping 2 
Still Stopping 3 
Still Stopping 0 
Still Stopping 1 
Still Stopping 2 
Still Stopping 3 
Still Stopping 0 
Still Stopping 1 
Still Stopping 2 
Still Stopping 3 
Still Stopping 0 
Still Stopping 1 
Still Stopping 2 
Still Stopping 3 
Still Stopping 0 
Still Stopping 1 
Still Stopping 2 
Still Stopping 3 
Stopped 0 
Stopped 1 
Stopped 2 
Still Stopping 3 
Stopped 3 
Go 0 SpeedFac:0.001402 DistDiff:-167.912500 
Go 1 SpeedFac:0.001576 DistDiff:-167.925000 
Go 2 SpeedFac:0.001750 DistDiff:-167.937500 
Go 3 SpeedFac:0.001928 DistDiff:-167.937500 
Stopping: 1 Dist Diff: -0.1125 
Stopping: 2 Dist Diff: -0.1000 
Stopping: 0 Dist Diff: -0.1000 
Still Stopping 1 
Still Stopping 2 
Still Stopping 0 
Still Stopping 1 
Still Stopping 2 
Still Stopping 0 
Still Stopping 1 
Still Stopping 2 
Stopping: 3 Dist Diff: -0.1000 
Still Stopping 0 
Still Stopping 1 
Still Stopping 2 
Still Stopping 3 
Still Stopping 0 
Still Stopping 1 
Still Stopping 2 
Still Stopping 3 
Still Stopping 0 
Still Stopping 1 
Still Stopping 2 
Still Stopping 3 
Still Stopping 0 
Still Stopping 1 
Still Stopping 2 
Still Stopping 3 
Still Stopping 0 
Still Stopping 1 
Still Stopping 2 
Still Stopping 3 
Stopped 0 
Stopped 1 
Stopped 2 
Still Stopping 3 
Stopped 3 
Go 0 SpeedFac:-0.001412 DistDiff:167.937500 
Go 1 SpeedFac:-0.001586 DistDiff:167.912500 
Go 2 SpeedFac:-0.001754 DistDiff:167.912500 
Go 3 SpeedFac:-0.001930 DistDiff:167.925000 
Stopping: 0 Dist Diff: 0.1000 
Stopping: 2 Dist Diff: 0.1125 
Stopping: 3 Dist Diff: 0.1125 
Still Stopping 0 
Stopping: 1 Dist Diff: 0.1000 
Still Stopping 2 
Still Stopping 3 
Still Stopping 0 
Still Stopping 1 
Still Stopping 2 
Still Stopping 3 
Still Stopping 0 
Still Stopping 1 
Still Stopping 2 
Still Stopping 3 
Still Stopping 0 
Still Stopping 1 
Still Stopping 2 
Still Stopping 3 
Still Stopping 0 
Still Stopping 1 
Still Stopping 2 
Still Stopping 3 
Still Stopping 0 
Still Stopping 1 
Still Stopping 2 
Still Stopping 3 
Still Stopping 0 
Still Stopping 1 
Still Stopping 2 
Still Stopping 3 
Stopped 0 
Stopped 1 
Stopped 2 
Stopped 3 
Go 0 SpeedFac:0.001398 DistDiff:-167.937500 
Go 1 SpeedFac:0.001582 DistDiff:-167.937500 
Go 2 SpeedFac:0.001758 DistDiff:-167.900000 
Go 3 SpeedFac:0.001934 DistDiff:-167.912500 
Stopping: 1 Dist Diff: -0.1000 
Stopping: 2 Dist Diff: -0.0875 
Stopping: 0 Dist Diff: -0.1000 
Still Stopping 1 
Still Stopping 2 
Stopping: 3 Dist Diff: -0.1000 
Still Stopping 0 
Still Stopping 1 
Still Stopping 2 
Still Stopping 3 
Still Stopping 0 
Still Stopping 1 
Still Stopping 2 
Still Stopping 3 
Still Stopping 0 
Still Stopping 1 
Still Stopping 2 
Still Stopping 3 
Still Stopping 0 
Still Stopping 1 
Still Stopping 2 
Still Stopping 3 
Still Stopping 0 
Still Stopping 1 
Still Stopping 2 
Still Stopping 3 
Stopped 0 
Stopped 1 
Still Stopping 2 
Still Stopping 3 
Stopped 2 
Stopped 3 
Go 0 SpeedFac:-0.001410 DistDiff:167.925000 
Go 1 SpeedFac:-0.001586 DistDiff:167.937500 
Go 2 SpeedFac:-0.001754 DistDiff:167.937500 
Go 3 SpeedFac:-0.001930 DistDiff:167.937500 
Stopping: 0 Dist Diff: 0.1000 
Stopping: 1 Dist Diff: 0.1000 
Still Stopping 0 
Still Stopping 1 
Still Stopping 0 
Still Stopping 1 
Stopping: 2 Dist Diff: 0.1000 
Still Stopping 0 
Still Stopping 1 
Still Stopping 2 
Stopping: 3 Dist Diff: 0.1000 
Still Stopping 0 
Still Stopping 1 
Still Stopping 2 
Still Stopping 3 
Still Stopping 0 
Still Stopping 1 
Still Stopping 2 
Still Stopping 3 
Still Stopping 0 
Still Stopping 1 
Still Stopping 2 
Still Stopping 3 
Still Stopping 0 
Still Stopping 1 
Still Stopping 2 
Still Stopping 3 
Stopped 0 
Still Stopping 1 
Still Stopping 2 
Still Stopping 3 
Stopped 1 
Stopped 2 
Still Stopping 3 
Still Stopping 3 
Still Stopping 3 
Still Stopping 3 
Still Stopping 3 
Still Stopping 3 
Still Stopping 3 
Stopped 3 
Go 0 SpeedFac:0.001402 DistDiff:-167.912500 
Go 1 SpeedFac:0.001580 DistDiff:-167.912500 
Go 2 SpeedFac:0.001756 DistDiff:-167.925000 
Go 3 SpeedFac:0.001936 DistDiff:-167.925000 
Stopping: 2 Dist Diff: -0.1000 
Stopping: 0 Dist Diff: -0.1000 
Stopping: 1 Dist Diff: -0.1000 
Still Stopping 2 
Stopping: 3 Dist Diff: -0.1125 
Still Stopping 0 
Still Stopping 1 
Still Stopping 2 
Still Stopping 3 
Still Stopping 0 
Still Stopping 1 
Still Stopping 2 
Still Stopping 3 
Still Stopping 0 
Still Stopping 1 
Still Stopping 2 
Still Stopping 3 
Still Stopping 0 
Still Stopping 1 
Still Stopping 2 
Still Stopping 3 
Still Stopping 0 
Still Stopping 1 
Still Stopping 2 
Still Stopping 3 
Still Stopping 0 
Still Stopping 1 
Still Stopping 2 
Still Stopping 3 
Still Stopping 0 
Still Stopping 1 
Still Stopping 2 
Still Stopping 3 
Stopped 0 
Stopped 1 
Stopped 2 
Stopped 3 
Go 0 SpeedFac:-0.001410 DistDiff:167.937500 
Go 1 SpeedFac:-0.001584 DistDiff:167.937500 
Go 2 SpeedFac:-0.001756 DistDiff:167.912500 
Go 3 SpeedFac:-0.001932 DistDiff:167.900000 
Stopping: 0 Dist Diff: 0.1000 
Stopping: 1 Dist Diff: 0.1000 
Stopping: 2 Dist Diff: 0.1000 
Stopping: 3 Dist Diff: 0.1000 
Still Stopping 0 
Still Stopping 1 
Still Stopping 2 
Still Stopping 3 
Still Stopping 0 
Still Stopping 1 
Still Stopping 2 
Still Stopping 3 
Still Stopping 0 
Still Stopping 1 
Still Stopping 2 
Still Stopping 3 
Still Stopping 0 
Still Stopping 1 
Still Stopping 2 
Still Stopping 3 
Still Stopping 0 
Still Stopping 1 
Still Stopping 2 
Still Stopping 3 
Still Stopping 0 
Still Stopping 1 
Still Stopping 2 
Still Stopping 3 
Stopped 0 
Stopped 1 
Stopped 2 
Still Stopping 3 
Stopped 3 
Go 0 SpeedFac:0.001400 DistDiff:-167.925000 
Go 1 SpeedFac:0.001578 DistDiff:-167.937500 
Go 2 SpeedFac:0.001754 DistDiff:-167.937500 
Go 3 SpeedFac:0.001934 DistDiff:-167.937500 
Stopping: 0 Dist Diff: -0.1000 
Stopping: 1 Dist Diff: -0.1000 
Still Stopping 0 
Still Stopping 1 
Stopping: 2 Dist Diff: -0.1000 
Stopping: 3 Dist Diff: -0.1000 
Still Stopping 0 
Still Stopping 1 
Still Stopping 2 
Still Stopping 3 
Still Stopping 0 
Still Stopping 1 
Still Stopping 2 
Still Stopping 3 
Still Stopping 0 
Still Stopping 1 
Still Stopping 2 
Still Stopping 3 
Still Stopping 0 
Still Stopping 1 
Still Stopping 2 
Still Stopping 3 
Still Stopping 0 
Still Stopping 1 
Still Stopping 2 
Still Stopping 3 
Stopped 0 
Stopped 1 
Still Stopping 2 
Still Stopping 3 
Stopped 2 
Stopped 3 
Go 0 SpeedFac:-0.001410 DistDiff:167.937500 
Go 1 SpeedFac:-0.001588 DistDiff:167.937500 
Go 2 SpeedFac:-0.001762 DistDiff:167.925000 
Go 3 SpeedFac:-0.001932 DistDiff:167.925000 
Stopping: 3 Dist Diff: 0.1125 
Stopping: 0 Dist Diff: 0.1000 
Stopping: 1 Dist Diff: 0.1000 
Stopping: 2 Dist Diff: 0.1000 
Still Stopping 3 
Still Stopping 0 
Still Stopping 1 
Still Stopping 2 
Still Stopping 3 
Still Stopping 0 
Still Stopping 1 
Still Stopping 2 
Still Stopping 3 
Still Stopping 0 
Still Stopping 1 
Still Stopping 2 
Still Stopping 3 
Still Stopping 0 
Still Stopping 1 
Still Stopping 2 
Still Stopping 3 
Still Stopping 0 
Still Stopping 1 
Still Stopping 2 
Still Stopping 3 
Stopped 0 
Still Stopping 1 
Still Stopping 2 
Still Stopping 3 
Stopped 1 
Stopped 2 
Stopped 3 
Go 0 SpeedFac:0.001402 DistDiff:-167.937500 
Go 1 SpeedFac:0.001582 DistDiff:-167.937500 
Go 2 SpeedFac:0.001756 DistDiff:-167.937500 
Go 3 SpeedFac:0.001936 DistDiff:-167.912500 
Stopping: 1 Dist Diff: -0.1125 
Stopping: 0 Dist Diff: -0.1000 
Still Stopping 1 
Still Stopping 0 
Still Stopping 1 
Stopping: 3 Dist Diff: -0.1000 
Still Stopping 0 
Still Stopping 1 
Stopping: 2 Dist Diff: -0.1000 
Still Stopping 3 
Still Stopping 0 
Still Stopping 1 
Still Stopping 2 
Still Stopping 3 
Still Stopping 0 
Still Stopping 1 
Still Stopping 2 
Still Stopping 3 
Still Stopping 0 
Still Stopping 1 
Still Stopping 2 
Still Stopping 3 
Still Stopping 0 
Still Stopping 1 
Still Stopping 2 
Still Stopping 3 
Still Stopping 0 
Still Stopping 1 
Still Stopping 2 
Still Stopping 3 
Stopped 0 
Stopped 1 
Stopped 2 
Still Stopping 3 
Stopped 3 
Go 0 SpeedFac:-0.001410 DistDiff:167.912500 
Go 1 SpeedFac:-0.001586 DistDiff:167.912500 
Go 2 SpeedFac:-0.001756 DistDiff:167.925000 
Go 3 SpeedFac:-0.001930 DistDiff:167.937500 
Stopping: 2 Dist Diff: 0.1000 
Stopping: 0 Dist Diff: 0.1000 
Stopping: 1 Dist Diff: 0.1000 
Still Stopping 2 
Stopping: 3 Dist Diff: 0.1000 
Still Stopping 0 
Still Stopping 1 
Still Stopping 2 
Still Stopping 3 
Still Stopping 0 
Still Stopping 1 
Still Stopping 2 
Still Stopping 3 
Still Stopping 0 
Still Stopping 1 
Still Stopping 2 
Still Stopping 3 
Still Stopping 0 
Still Stopping 1 
Still Stopping 2 
Still Stopping 3 
Still Stopping 0 
Still Stopping 1 
Still Stopping 2 
Still Stopping 3 
Still Stopping 0 
Still Stopping 1 
Still Stopping 2 
Still Stopping 3 
Still Stopping 0 
Still Stopping 1 
Still Stopping 2 
Still Stopping 3 
Stopped 0 
Stopped 1 
Stopped 2 
Stopped 3 
Go 0 SpeedFac:0.001402 DistDiff:-167.937500 
Go 1 SpeedFac:0.001580 DistDiff:-167.937500 
Go 2 SpeedFac:0.001750 DistDiff:-167.912500 
Go 3 SpeedFac:0.001930 DistDiff:-167.937500 
Stopping: 1 Dist Diff: -0.1000 
Stopping: 0 Dist Diff: -0.1000 
Still Stopping 1 
Stopping: 2 Dist Diff: -0.1000 
Stopping: 3 Dist Diff: -0.1000 
Still Stopping 0 
Still Stopping 1 
Still Stopping 2 
Still Stopping 3 
Still Stopping 0 
Still Stopping 1 
Still Stopping 2 
Still Stopping 3 
Still Stopping 0 
Still Stopping 1 
Still Stopping 2 
Still Stopping 3 
Still Stopping 0 
Still Stopping 1 
Still Stopping 2 
Still Stopping 3 
Still Stopping 0 
Still Stopping 1 
Still Stopping 2 
Still Stopping 3 
Still Stopping 0 
Still Stopping 1 
Still Stopping 2 
Still Stopping 3 
Stopped 0 
Still Stopping 1 
Still Stopping 2 
Still Stopping 3 
Stopped 1 
Stopped 2 
Stopped 3 
Go 0 SpeedFac:-0.001410 DistDiff:167.937500 
Go 1 SpeedFac:-0.001588 DistDiff:167.912500 
Go 2 SpeedFac:-0.001760 DistDiff:167.937500 
Go 3 SpeedFac:-0.001934 DistDiff:167.937500 
Stopping: 3 Dist Diff: 0.1000 
Stopping: 0 Dist Diff: 0.1000 
Stopping: 1 Dist Diff: 0.1000 
Stopping: 2 Dist Diff: 0.1000 
Still Stopping 3 
Still Stopping 0 
Still Stopping 1 
Still Stopping 2 
Still Stopping 3 
Still Stopping 0 
Still Stopping 1 
Still Stopping 2 
Still Stopping 3 
Still Stopping 0 
Still Stopping 1 
Still Stopping 2 
Still Stopping 3 
Still Stopping 0 
Still Stopping 1 
Still Stopping 2 
Still Stopping 3 
Still Stopping 0 
Still Stopping 1 
Still Stopping 2 
Still Stopping 3 
Still Stopping 0 
Still Stopping 1 
Still Stopping 2 
Still Stopping 3 
Stopped 0 
Still Stopping 1 
Still Stopping 2 
Still Stopping 3 
Stopped 1 
Stopped 2 
Stopped 3 
Go 0 SpeedFac:0.001400 DistDiff:-167.937500 
Go 1 SpeedFac:0.001580 DistDiff:-167.937500 
Go 2 SpeedFac:0.001750 DistDiff:-167.937500 
Go 3 SpeedFac:0.001930 DistDiff:-167.912500 
Stopping: 0 Dist Diff: -0.1125 
Stopping: 1 Dist Diff: -0.1000 
Stopping: 2 Dist Diff: -0.1125 
Still Stopping 0 
Still Stopping 1 
Still Stopping 2 
Still Stopping 0 
Still Stopping 1 
Still Stopping 2 
Still Stopping 0 
Still Stopping 1 
Still Stopping 2 
Stopping: 3 Dist Diff: -0.1000 
Still Stopping 0 
Still Stopping 1 
Still Stopping 2 
Still Stopping 3 
Still Stopping 0 
Still Stopping 1 
Still Stopping 2 
Still Stopping 3 
Still Stopping 0 
Still Stopping 1 
Still Stopping 2 
Still Stopping 3 
Still Stopping 0 
Still Stopping 1 
Still Stopping 2 
Still Stopping 3 
Stopped 0 
Still Stopping 1 
Still Stopping 2 
Still Stopping 3 
Stopped 1 
Stopped 2 
Still Stopping 3 
Still Stopping 3 
Still Stopping 3 
Still Stopping 3 
Still Stopping 3 
Still Stopping 3 
Still Stopping 3 
Still Stopping 3 
Stopped 3 
Go 0 SpeedFac:-0.001410 DistDiff:167.900000 
Go 1 SpeedFac:-0.001582 DistDiff:167.912500 
Go 2 SpeedFac:-0.001758 DistDiff:167.900000 
Go 3 SpeedFac:-0.001932 DistDiff:167.925000 
