Stopping: 0 Dist Diff: 0.0000 
Stopping: 1 Dist Diff: 0.0000 
Stopping: 2 Dist Diff: 0.0000 
Stopping: 3 Dist Diff: 0.0000 
Stopped 0 
Id: 0 LOST STEPS:0
Stopped 1 
Id: 1 LOST STEPS:0
Stopped 2 
Id: 2 LOST STEPS:0
Stopped 3 
Id: 3 LOST STEPS:0
Go 0 SpeedFac:0.002716 DistDiff:-168.000000 
Go 1 SpeedFac:0.002568 DistDiff:-168.000000 
Stopping: 0 Dist Diff: -0.1000 
Stopped 0 
Id: 0 LOST STEPS:0
Stopping: 1 Dist Diff: -0.1250 
Stopped 1 
Id: 1 LOST STEPS:0
Go 2 SpeedFac:0.002788 DistDiff:-168.000000 
Go 3 SpeedFac:0.002652 DistDiff:-168.000000 
Stopping: 2 Dist Diff: -0.1250 
Stopped 2 
Id: 2 LOST STEPS:0
Stopping: 3 Dist Diff: -0.1250 
Stopped 3 
Id: 3 LOST STEPS:0
Go 0 SpeedFac:-0.002848 DistDiff:167.900000 
Go 1 SpeedFac:-0.003192 DistDiff:167.875000 
Go 2 SpeedFac:-0.003544 DistDiff:167.875000 
Go 3 SpeedFac:-0.003900 DistDiff:167.875000 
Stopping: 0 Dist Diff: 0.1250 
Stopping: 1 Dist Diff: 0.1250 
Stopping: 2 Dist Diff: 0.1250 
Stopping: 3 Dist Diff: 0.1250 
Stopped 0 
Id: 0 LOST STEPS:0
Stopped 1 
Id: 1 LOST STEPS:0
Stopped 2 
Id: 2 LOST STEPS:0
id: 3, speedFac: -0.000022, tick loop timer protection! to long! time: 3756 
Stopped 3 
Id: 3 LOST STEPS:0
id: 0, speedFac: -0.000034, tick loop timer protection! to long! time: 5094 
id: 1, speedFac: -0.000034, tick loop timer protection! to long! time: 4078 
id: 2, speedFac: -0.000034, tick loop timer protection! to long! time: 3065 
id: 0, speedFac: -0.000030, tick loop timer protection! to long! time: 5096 
id: 1, speedFac: -0.000030, tick loop timer protection! to long! time: 5082 
id: 2, speedFac: -0.000030, tick loop timer protection! to long! time: 5072 
id: 3, speedFac: -0.000030, tick loop timer protection! to long! time: 5063 
id: 0, speedFac: -0.000030, tick loop timer protection! to long! time: 5094 
id: 1, speedFac: -0.000030, tick loop timer protection! to long! time: 5095 
id: 2, speedFac: -0.000030, tick loop timer protection! to long! time: 5096 
id: 3, speedFac: -0.000030, tick loop timer protection! to long! time: 5095 
id: 0, speedFac: -0.000030, tick loop timer protection! to long! time: 5098 
id: 1, speedFac: -0.000030, tick loop timer protection! to long! time: 5098 
id: 2, speedFac: -0.000030, tick loop timer protection! to long! time: 5099 
id: 3, speedFac: -0.000030, tick loop timer protection! to long! time: 5099 
id: 0, speedFac: -0.000030, tick loop timer protection! to long! time: 5097 
id: 1, speedFac: -0.000030, tick loop timer protection! to long! time: 5101 
id: 2, speedFac: -0.000030, tick loop timer protection! to long! time: 5097 
id: 3, speedFac: -0.000030, tick loop timer protection! to long! time: 5099 
