tick loop timer protection! to long! time:805783
Stopping: 0 Dist Diff: 0.0000 
tick loop timer protection! to long! time:604537
Stopping: 1 Dist Diff: 0.0000 
tick loop timer protection! to long! time:403294
Stopping: 2 Dist Diff: 0.0000 
tick loop timer protection! to long! time:202054
Stopping: 3 Dist Diff: 0.0000 
Stopped 0 
Id: 0 LOST STEPS:0
id: 0, sr: .10000000.00000000.00000000.00110100
id: 0, adr: 111, cs_a: 0, fsact: 0, ola: 0, olb 0, ot: 0, otpw: 0, s2ga: 0, s2gb: 0, sg_res: 52, sr: -2147483596, stall: 0, stst: 1
Stopped 1 
Id: 1 LOST STEPS:0
id: 1, sr: .10000000.00000000.00000000.00101110
id: 1, adr: 111, cs_a: 0, fsact: 0, ola: 0, olb 0, ot: 0, otpw: 0, s2ga: 0, s2gb: 0, sg_res: 46, sr: -2147483602, stall: 0, stst: 1
tick loop timer protection! to long! time:3223
Stopped 2 
Id: 2 LOST STEPS:0
id: 2, sr: .10000000.00000000.00000000.00100101
id: 2, adr: 111, cs_a: 0, fsact: 0, ola: 0, olb 0, ot: 0, otpw: 0, s2ga: 0, s2gb: 0, sg_res: 37, sr: -2147483611, stall: 0, stst: 1
tick loop timer protection! to long! time:4437
Stopped 3 
Id: 3 LOST STEPS:0
id: 3, sr: .10000000.00000000.00000000.00000100
id: 3, adr: 111, cs_a: 0, fsact: 0, ola: 0, olb 0, ot: 0, otpw: 0, s2ga: 0, s2gb: 0, sg_res: 4, sr: -2147483644, stall: 0, stst: 1
tick loop timer protection! to long! time:5648
tick loop timer protection! to long! time:4414
tick loop timer protection! to long! time:3179
