Stopping: 0 Dist Diff: 0.0000 
Stopping: 1 Dist Diff: 0.0000 
Stopping: 2 Dist Diff: 0.0000 
Stopping: 3 Dist Diff: 0.0000 
Stopped 0 
Id: 0 LOST STEPS:0
id: 0, sr: .10000000.00000000.00000000.00110011
id: 0, adr: 111, cs_a: 0, fsact: 0, ola: 0, olb 0, ot: 0, otpw: 0, s2ga: 0, s2gb: 0, sg_res: 51, sr: -2147483597, stall: 0, stst: 1
Stopped 1 
Id: 1 LOST STEPS:0
id: 1, sr: .10000000.00000000.00000000.00001011
id: 1, adr: 111, cs_a: 0, fsact: 0, ola: 0, olb 0, ot: 0, otpw: 0, s2ga: 0, s2gb: 0, sg_res: 11, sr: -2147483637, stall: 0, stst: 1
Stopped 2 
Id: 2 LOST STEPS:0
id: 2, sr: .10000000.00000000.00000000.00110111
id: 2, adr: 111, cGo 0 SpeedFac:0.002796 DistDiff:-167.887500 
Go 3 SpeedFac:0.002560 DistDiff:-167.887500 
Go 2 SpeedFac:0.002700 DistDiff:-167.887500 
Go 1 SpeedFac:0.002764 DistDiff:-167.887500 
Stopping: 0 Dist Diff: -0.1125 
Stopped 0 
Id: 0 LOST STEPS:0
id: 0, sr: .00000000.00010001.00000000.00000000
id: 0, adr: 111, cs_a: 17, fsact: 0, ola: 0, olb 0, ot: 0, otpw: 0, s2ga: 0, s2gb: 0, sg_res: 0, sr: 1114112, stall: 0, stst: 0
Stopping: 3 Dist Diff: -0.1125 
Stopped 3 
Id: 3 LOST STEPS:0
id: 3, sr: .00000000.00010001.00000000.00000000
id: 3, adr: 111, cs_a: 17, fsact: 0, ola: 0, olb 0, ot: 0, otpw: 0, s2ga: 0, s2gb: 0, sg_res: 0, sr: 1114112, stall: 0, stst: 0
Stopping: 2 Dist Diff: -0.1250 
Stopped 2 
Id: 2 LOST STEPS:0
id: 2, sr: .00000000.00010001.00000000.00000000
id: 2, adr: 111, cs_a: 17, fsact: 0, ola: 0, olb 0, ot: 0, otpw: 0, s2ga: 0, s2gb: 0, sg_res: 0, sr: 1114112, stall: 0, stst: 0
Stopping: 1 Dist Diff: -0.1125 
Stopped 1 
Id: 1 LOST STEPS:0
id: 1, sr: .01101000.00010001.00000000.00000000
id: 1, adr: 111, cs_a: 17, fsact: 0, ola: 1, olb 1, ot: 0, otpw: 0, s2ga: 1, s2gb: 0, sg_res: 0, sr: 1745944576, stall: 0, stst: 0
Go 3 SpeedFac:-0.002836 DistDiff:167.887500 
Go 0 SpeedFac:-0.002520 DistDiff:167.887500 
Go 2 SpeedFac:-0.002672 DistDiff:167.875000 
Go 1 SpeedFac:-0.003048 DistDiff:167.887500 
Stopping: 3 Dist Diff: 0.1375 
Stopped 3 
Id: 3 LOST STEPS:0
id: 3, sr: .00000000.00010001.00000000.00000000
id: 3, adr: 111, cs_a: 17, fsact: 0, ola: 0, olb 0, ot: 0, otpw: 0, s2ga: 0, s2gb: 0, sg_res: 0, sr: 1114112, stall: 0, stst: 0
Stopping: 0 Dist Diff: 0.1375 
Stopped 0 
Id: 0 LOST STEPS:0
id: 0, sr: .00000000.00010001.00000000.00000000
id: 0, adr: 111, cs_a: 17, fsact: 0, ola: 0, olb 0, ot: 0, otpw: 0, s2ga: 0, s2gb: 0, sg_res: 0, sr: 1114112, stall: 0, stst: 0
Stopping: 2 Dist Diff: 0.1000 
Stopped 2 
Id: 2 LOST STEPS:0
id: 2, sr: .00000000.00010001.00000000.00000000
id: 2, adr: 111, cs_a: 17, fsact: 0, ola: 0, olb 0, ot: 0, otpw: 0, s2ga: 0, s2gb: 0, sg_res: 0, sr: 1114112, stall: 0, stst: 0
Stopping: 1 Dist Diff: 0.1125 
Stopped 1 
Id: 1 LOST STEPS:0
id: 1, sr: .01101000.00010001.00000000.00000000
id: 1, adr: 111, cs_a: 17, fsact: 0, ola: 1, olb 1, ot: 0, otpw: 0, s2ga: 1, s2gb: 0, sg_res: 0, sr: 1745944576, stall: 0, stst: 0
