Go 0 SpeedFac:0.002708 DistDiff:-168.000000 
Go 1 SpeedFac:0.002508 DistDiff:-168.000000 
Stopping: 0 Dist Diff: 165.2625 
Stopped 0 
Go 0 SpeedFac:-0.005144 DistDiff:165.262500 
Go 2 SpeedFac:0.002628 DistDiff:-168.000000 
Stopping: 1 Dist Diff: 165.5812 
Stopped 1 
Go 1 SpeedFac:-0.005328 DistDiff:165.581250 
Stopping: 0 Dist Diff: 0.1313 
Stopped 0 
Stopping: 2 Dist Diff: -0.1125 
Stopped 2 
Stopping: 1 Dist Diff: 0.1313 
Stopped 1 
Go 2 SpeedFac:-0.002800 DistDiff:167.887500 
Go 3 SpeedFac:0.003152 DistDiff:-168.000000 
Stopping: 2 Dist Diff: 0.1313 
Stopped 2 
Stopping: 3 Dist Diff: -0.1312 
Stopped 3 
Go 3 SpeedFac:-0.002812 DistDiff:167.868750 
Stopping: 3 Dist Diff: 0.1313 
Stopped 3 
Go 0 SpeedFac:0.002792 DistDiff:-167.868750 
Go 1 SpeedFac:0.002588 DistDiff:-167.868750 
Stopping: 0 Dist Diff: -0.1312 
Stopped 0 
Stopping: 1 Dist Diff: -0.1312 
Stopped 1 
Go 2 SpeedFac:0.002824 DistDiff:-167.868750 
Go 3 SpeedFac:0.002620 DistDiff:-167.887500 
Stopping: 2 Dist Diff: -0.1125 
Stopped 2 
Stopping: 3 Dist Diff: -0.1312 
Stopped 3 
Go 0 SpeedFac:-0.002828 DistDiff:167.868750 
Go 1 SpeedFac:-0.003188 DistDiff:167.868750 
Go 2 SpeedFac:-0.003536 DistDiff:167.887500 
Go 3 SpeedFac:-0.003888 DistDiff:167.868750 
Stopping: 1 Dist Diff: 0.1125 
Stopping: 0 Dist Diff: 0.1313 
Stopped 1 
Stopping: 2 Dist Diff: 0.1125 
Stopping: 3 Dist Diff: 0.1125 
Stopped 0 
Stopped 2 
Stopped 3 
Go 3 SpeedFac:0.002804 DistDiff:-167.887500 
Go 2 SpeedFac:0.002540 DistDiff:-167.887500 
Go 1 SpeedFac:0.002592 DistDiff:-167.887500 
Stopping: 3 Dist Diff: 164.7937 
Stopped 3 
Go 3 SpeedFac:-0.005240 DistDiff:164.793750 
Go 0 SpeedFac:0.002752 DistDiff:-167.868750 
Stopping: 2 Dist Diff: 166.6125 
Stopped 2 
Go 2 SpeedFac:-0.005648 DistDiff:166.612500 
Stopping: 1 Dist Diff: 166.3500 
Stopped 1 
Go 1 SpeedFac:-0.005456 DistDiff:166.350000 
Stopping: 3 Dist Diff: 0.1313 
Stopped 3 
Stopping: 0 Dist Diff: 167.6062 
Stopped 0 
Go 0 SpeedFac:-0.005428 DistDiff:167.606250 
Stopping: 2 Dist Diff: 0.1313 
Stopped 2 
Stopping: 1 Dist Diff: 0.1125 
Stopped 1 
Stopping: 0 Dist Diff: 0.1313 
Stopped 0 
Go 3 SpeedFac:0.002812 DistDiff:-167.887500 
Go 2 SpeedFac:0.002596 DistDiff:-167.887500 
Go 1 SpeedFac:0.002600 DistDiff:-167.887500 
Stopping: 3 Dist Diff: 165.4500 
Stopped 3 
Go 3 SpeedFac:-0.005320 DistDiff:165.450000 
Go 0 SpeedFac:0.002792 DistDiff:-167.868750 
Stopping: 2 Dist Diff: 166.6312 
Stopped 2 
Go 2 SpeedFac:-0.005704 DistDiff:166.631250 
Stopping: 1 Dist Diff: -0.1125 
Stopped 1 
Go 1 SpeedFac:-0.002704 DistDiff:167.887500 
Stopping: 3 Dist Diff: 0.1313 
Stopped 3 
Stopping: 0 Dist Diff: 166.8750 
Stopped 0 
Go 0 SpeedFac:-0.005384 DistDiff:166.875000 
Stopping: 2 Dist Diff: 0.1125 
Stopped 2 
Stopping: 1 Dist Diff: 0.1313 
Stopped 1 
Stopping: 0 Dist Diff: 0.1313 
Stopped 0 
Go 0 SpeedFac:0.002796 DistDiff:-167.868750 
Go 1 SpeedFac:0.002552 DistDiff:-167.868750 
Go 2 SpeedFac:0.002740 DistDiff:-167.887500 
Stopping: 0 Dist Diff: -0.1312 
Stopped 0 
Stopping: 1 Dist Diff: -0.1312 
Stopped 1 
Go 0 SpeedFac:-0.002584 DistDiff:167.868750 
Go 3 SpeedFac:0.002628 DistDiff:-167.868750 
Go 1 SpeedFac:-0.002720 DistDiff:167.868750 
Stopping: 2 Dist Diff: -0.1312 
Stopped 2 
Go 2 SpeedFac:-0.002880 DistDiff:167.868750 
Stopping: 0 Dist Diff: 0.1313 
Stopped 0 
Stopping: 3 Dist Diff: -0.1312 
Stopped 3 
Stopping: 1 Dist Diff: 0.1125 
Stopped 1 
Stopping: 2 Dist Diff: 0.1313 
Stopped 2 
Go 3 SpeedFac:-0.002824 DistDiff:167.868750 
Go 0 SpeedFac:0.002588 DistDiff:-167.868750 
Go 1 SpeedFac:0.002664 DistDiff:-167.887500 
Go 2 SpeedFac:0.002776 DistDiff:-167.868750 
Stopping: 3 Dist Diff: 0.1125 
Stopped 3 
Stopping: 0 Dist Diff: -0.1125 
Stopped 0 
Stopping: 1 Dist Diff: -0.1312 
Stopped 1 
Go 0 SpeedFac:-0.002544 DistDiff:167.887500 
Go 3 SpeedFac:0.002596 DistDiff:-167.887500 
Stopping: 2 Dist Diff: -0.1125 
Stopped 2 
Go 1 SpeedFac:-0.002760 DistDiff:167.868750 
Go 2 SpeedFac:-0.002856 DistDiff:167.887500 
Stopping: 0 Dist Diff: 0.1313 
Stopped 0 
Stopping: 3 Dist Diff: -0.1312 
Stopped 3 
Go 3 SpeedFac:-0.002640 DistDiff:167.868750 
Stopping: 1 Dist Diff: 0.1313 
Stopped 1 
Stopping: 2 Dist Diff: 0.1125 
Stopped 2 
Go 0 SpeedFac:0.002564 DistDiff:-167.868750 
Go 1 SpeedFac:0.002648 DistDiff:-167.868750 
Stopping: 3 Dist Diff: 0.1125 
Stopped 3 
Go 2 SpeedFac:0.002720 DistDiff:-167.887500 
Stopping: 0 Dist Diff: -0.1312 
Stopped 0 
Stopping: 1 Dist Diff: -0.1125 
Stopped 1 
Go 0 SpeedFac:-0.002580 DistDiff:167.868750 
Go 3 SpeedFac:0.002636 DistDiff:-167.887500 
Go 1 SpeedFac:-0.002724 DistDiff:167.887500 
Stopping: 2 Dist Diff: -0.1125 
Stopped 2 
Go 2 SpeedFac:-0.002844 DistDiff:167.887500 
Stopping: 0 Dist Diff: 0.1313 
Stopped 0 
Stopping: 3 Dist Diff: -0.1125 
Stopped 3 
Stopping: 1 Dist Diff: 0.1313 
Stopped 1 
Stopping: 2 Dist Diff: 0.1313 
Stopped 2 
Go 3 SpeedFac:-0.002816 DistDiff:167.887500 
Go 0 SpeedFac:0.002584 DistDiff:-167.868750 
Go 1 SpeedFac:0.002704 DistDiff:-167.868750 
Go 2 SpeedFac:0.002788 DistDiff:-167.868750 
Stopping: 3 Dist Diff: 0.1125 
Stopped 3 
Stopping: 0 Dist Diff: -0.1500 
Stopped 0 
Stopping: 1 Dist Diff: -0.1125 
Stopped 1 
Go 0 SpeedFac:-0.002544 DistDiff:167.850000 
Go 3 SpeedFac:0.002604 DistDiff:-167.887500 
Stopping: 2 Dist Diff: -0.1312 
Stopped 2 
Go 1 SpeedFac:-0.002768 DistDiff:167.887500 
Go 2 SpeedFac:-0.002824 DistDiff:167.868750 
Stopping: 0 Dist Diff: 0.1125 
Stopped 0 
Stopping: 3 Dist Diff: -0.1312 
Stopped 3 
Go 3 SpeedFac:-0.002636 DistDiff:167.868750 
Stopping: 1 Dist Diff: 0.1125 
Stopped 1 
Stopping: 2 Dist Diff: 0.1125 
Stopped 2 
Stopping: 3 Dist Diff: 0.1125 
Stopped 3 
Go 0 SpeedFac:-0.000003 DistDiff:0.081738 
Stopping: 0 Dist Diff: -0.7104 
Stopped 0 
Go 0 SpeedFac:0.000048 DistDiff:-0.710389 
Go 1 SpeedFac:-0.000002 DistDiff:0.081738 
Stopping: 1 Dist Diff: -0.4387 
Stopped 1 
Go 1 SpeedFac:0.000027 DistDiff:-0.438656 
Go 2 SpeedFac:0.000372 DistDiff:-11.797594 
Go 3 SpeedFac:-0.000002 DistDiff:0.056103 
Stopping: 3 Dist Diff: -0.0541 
Stopped 3 
Go 3 SpeedFac:0.000029 DistDiff:-0.869327 
Stopping: 0 Dist Diff: 5.0403 
Stopped 0 
Go 0 SpeedFac:-0.001010 DistDiff:5.040334 
Stopping: 1 Dist Diff: 4.2014 
Stopped 1 
Go 1 SpeedFac:-0.000724 DistDiff:4.201406 
Stopping: 2 Dist Diff: -0.1125 
Stopped 2 
Go 2 SpeedFac:-0.000448 DistDiff:13.222909 
Stopping: 3 Dist Diff: 4.5662 
Stopped 3 
Go 3 SpeedFac:-0.000885 DistDiff:4.566231 
Stopping: 0 Dist Diff: 0.1125 
Stopped 0 
Stopping: 1 Dist Diff: 0.1313 
Stopped 1 
Stopping: 2 Dist Diff: 0.1313 
Stopped 2 
Go 0 SpeedFac:-0.000003 DistDiff:0.084301 
Stopping: 0 Dist Diff: -0.5438 
Stopped 0 
Go 0 SpeedFac:0.000034 DistDiff:-0.543760 
Go 1 SpeedFac:0.000008 DistDiff:-0.266095 
Stopping: 3 Dist Diff: 0.1125 
Stopped 3 
Go 2 SpeedFac:0.001544 DistDiff:-48.762685 
Stopping: 0 Dist Diff: -0.1125 
Stopped 0 
Go 0 SpeedFac:-0.000450 DistDiff:14.269628 
Go 3 SpeedFac:0.000491 DistDiff:-15.168617 
Stopping: 1 Dist Diff: 7.3427 
Stopped 1 
Go 1 SpeedFac:-0.002019 DistDiff:7.342656 
Stopping: 2 Dist Diff: -0.1312 
Stopped 2 
Go 2 SpeedFac:-0.001024 DistDiff:30.815511 
Stopping: 0 Dist Diff: 0.1313 
Stopped 0 
Stopping: 3 Dist Diff: -0.1125 
Stopped 3 
Stopping: 1 Dist Diff: 0.1313 
Stopped 1 
Stopping: 2 Dist Diff: 0.1313 
Stopped 2 
Go 3 SpeedFac:-0.002824 DistDiff:98.646942 
Go 0 SpeedFac:0.000549 DistDiff:-17.631350 
Go 1 SpeedFac:0.000730 DistDiff:-22.991661 
Go 2 SpeedFac:0.000196 DistDiff:-6.041696 
Stopping: 3 Dist Diff: 0.1313 
Stopped 3 
Stopping: 0 Dist Diff: -0.1312 
Stopped 0 
Stopping: 1 Dist Diff: -0.1312 
Stopped 1 
Stopping: 2 Dist Diff: -0.1312 
Stopped 2 
Go 0 SpeedFac:-0.002844 DistDiff:152.551744 
Go 3 SpeedFac:0.002892 DistDiff:-153.556642 
Go 1 SpeedFac:-0.002644 DistDiff:144.744080 
Go 2 SpeedFac:-0.002764 DistDiff:132.302533 
Stopping: 3 Dist Diff: 99.1349 
Stopped 3 
Go 3 SpeedFac:-0.005540 DistDiff:99.134924 
Stopping: 0 Dist Diff: 0.1313 
Stopped 0 
Stopping: 1 Dist Diff: 0.1313 
Stopped 1 
Stopping: 2 Dist Diff: 0.1313 
Stopped 2 
Stopping: 3 Dist Diff: 0.1125 
Stopped 3 
Go 0 SpeedFac:0.002792 DistDiff:-167.868750 
Go 1 SpeedFac:0.002536 DistDiff:-167.868750 
Go 2 SpeedFac:0.002628 DistDiff:-167.868750 
Go 3 SpeedFac:0.002844 DistDiff:-167.887500 
Stopping: 0 Dist Diff: 166.6687 
Stopped 0 
Go 0 SpeedFac:-0.006188 DistDiff:166.668750 
Stopping: 1 Dist Diff: 167.1750 
Stopped 1 
Go 1 SpeedFac:-0.005532 DistDiff:167.175000 
Stopping: 2 Dist Diff: -0.1312 
Stopped 2 
Go 2 SpeedFac:-0.002808 DistDiff:167.868750 
Stopping: 3 Dist Diff: -0.1312 
Stopped 3 
Stopping: 0 Dist Diff: 0.1125 
Stopped 0 
Stopping: 1 Dist Diff: 0.1313 
Stopped 1 
Go 3 SpeedFac:-0.002520 DistDiff:167.868750 
Stopping: 2 Dist Diff: 0.1313 
Stopped 2 
Stopping: 3 Dist Diff: 0.1313 
Stopped 3 
Go 0 SpeedFac:0.002788 DistDiff:-134.287500 
Go 1 SpeedFac:0.002580 DistDiff:-151.070032 
Go 2 SpeedFac:0.001049 DistDiff:-33.468750 
Stopping: 0 Dist Diff: -0.0938 
Stopped 0 
Stopping: 2 Dist Diff: -0.1313 
Stopped 2 
Stopping: 1 Dist Diff: -0.1325 
Stopped 1 
Go 3 SpeedFac:0.002832 DistDiff:-167.868750 
Go 0 SpeedFac:-0.002588 DistDiff:134.306250 
Go 1 SpeedFac:-0.002724 DistDiff:151.068750 
Stopping: 3 Dist Diff: -0.1312 
Stopped 3 
Go 2 SpeedFac:-0.001071 DistDiff:33.468750 
Stopping: 0 Dist Diff: 0.1313 
Stopped 0 
Stopping: 2 Dist Diff: 0.1125 
Stopped 2 
Stopping: 1 Dist Diff: 0.1125 
Stopped 1 
Go 3 SpeedFac:-0.002820 DistDiff:167.868750 
Stopping: 3 Dist Diff: 0.1313 
Stopped 3 
Go 0 SpeedFac:0.002800 DistDiff:-167.887500 
Go 1 SpeedFac:0.002608 DistDiff:-167.887500 
Go 2 SpeedFac:0.002704 DistDiff:-167.887500 
Stopping: 0 Dist Diff: -0.1312 
Stopped 0 
Go 0 SpeedFac:-0.002668 DistDiff:167.868750 
Stopping: 1 Dist Diff: -0.1312 
Stopped 1 
Go 1 SpeedFac:-0.002680 DistDiff:167.887500 
Stopping: 2 Dist Diff: -0.1312 
Stopped 2 
Go 2 SpeedFac:-0.002684 DistDiff:167.868750 
Stopping: 0 Dist Diff: 0.1125 
Stopped 0 
Go 3 SpeedFac:0.002672 DistDiff:-167.868750 
Stopping: 1 Dist Diff: 0.1313 
Stopped 1 
Stopping: 2 Dist Diff: 0.1313 
Stopped 2 
Stopping: 3 Dist Diff: -0.1125 
Stopped 3 
Go 3 SpeedFac:-0.002820 DistDiff:167.887500 
Stopping: 3 Dist Diff: 0.1125 
Stopped 3 
Go 3 SpeedFac:0.002804 DistDiff:-167.887500 
Stopping: 3 Dist Diff: -0.1312 
Stopped 3 
Go 3 SpeedFac:-0.002816 DistDiff:167.868750 
Go 2 SpeedFac:0.002580 DistDiff:-167.887500 
Go 1 SpeedFac:0.002712 DistDiff:-167.868750 
Stopping: 3 Dist Diff: 0.1313 
Stopped 3 
Go 0 SpeedFac:0.002668 DistDiff:-167.887500 
Stopping: 2 Dist Diff: -0.1125 
Stopped 2 
Go 2 SpeedFac:-0.002680 DistDiff:167.887500 
Stopping: 1 Dist Diff: -0.1312 
Stopped 1 
Stopping: 0 Dist Diff: -0.1312 
Stopped 0 
Go 1 SpeedFac:-0.002576 DistDiff:167.868750 
Go 0 SpeedFac:-0.002604 DistDiff:167.868750 
Stopping: 2 Dist Diff: 0.1313 
Stopped 2 
Stopping: 1 Dist Diff: 0.1313 
Stopped 1 
Stopping: 0 Dist Diff: 0.1313 
Stopped 0 
Go 3 SpeedFac:0.002816 DistDiff:-167.868750 
Stopping: 3 Dist Diff: 164.1000 
Stopped 3 
Go 3 SpeedFac:-0.005012 DistDiff:164.100000 
Go 2 SpeedFac:0.002568 DistDiff:-167.868750 
Stopping: 3 Dist Diff: 0.1313 
Stopped 3 
Go 1 SpeedFac:0.002608 DistDiff:-167.887500 
Go 0 SpeedFac:0.002644 DistDiff:-167.887500 
Stopping: 2 Dist Diff: 164.4375 
Stopped 2 
Go 2 SpeedFac:-0.005396 DistDiff:164.437500 
Stopping: 1 Dist Diff: 165.0000 
Stopped 1 
Go 1 SpeedFac:-0.005544 DistDiff:165.000000 
Stopping: 0 Dist Diff: 166.0125 
Stopped 0 
Go 0 SpeedFac:-0.005432 DistDiff:166.012500 
Stopping: 2 Dist Diff: 0.1313 
Stopped 2 
Stopping: 1 Dist Diff: 0.1125 
Stopped 1 
Stopping: 0 Dist Diff: 0.1313 
Stopped 0 
Go 0 SpeedFac:0.002792 DistDiff:-167.868750 
Go 1 SpeedFac:0.002624 DistDiff:-167.887500 
Go 2 SpeedFac:0.002680 DistDiff:-167.868750 
Stopping: 0 Dist Diff: -0.1500 
Stopped 0 
Go 0 SpeedFac:-0.002676 DistDiff:167.868750 
Stopping: 1 Dist Diff: -0.1312 
Stopped 1 
Go 1 SpeedFac:-0.002684 DistDiff:167.868750 
Stopping: 2 Dist Diff: -0.1312 
Stopped 2 
Go 2 SpeedFac:-0.002664 DistDiff:167.868750 
Stopping: 0 Dist Diff: 0.1313 
Stopped 0 
Go 3 SpeedFac:0.002632 DistDiff:-167.868750 
Stopping: 1 Dist Diff: 0.1313 
Stopped 1 
Stopping: 2 Dist Diff: 0.1313 
Stopped 2 
Stopping: 3 Dist Diff: -0.1312 
Stopped 3 
Go 3 SpeedFac:-0.002860 DistDiff:167.868750 
Stopping: 3 Dist Diff: 0.0938 
Stopped 3 
Go 3 SpeedFac:-0.000003 DistDiff:0.088623 
Stopping: 3 Dist Diff: -0.0780 
Stopped 3 
Go 3 SpeedFac:0.000017 DistDiff:-0.495859 
Stopping: 3 Dist Diff: -0.2537 
Stopped 3 
Go 3 SpeedFac:0.000009 DistDiff:-0.253719 
Stopping: 3 Dist Diff: -0.0685 
Stopped 3 
Go 3 SpeedFac:0.000002 DistDiff:-0.055671 
Stopping: 3 Dist Diff: 0.0059 
Stopped 3 
Go 3 SpeedFac:-0.000001 DistDiff:0.036616 
Go 2 SpeedFac:0.000304 DistDiff:-8.920524 
Stopping: 3 Dist Diff: 0.1284 
Stopped 3 
Go 3 SpeedFac:-0.000004 DistDiff:0.138646 
Stopping: 3 Dist Diff: 0.1159 
Stopped 3 
Go 3 SpeedFac:-0.000007 DistDiff:0.120996 
Go 1 SpeedFac:-0.000004 DistDiff:0.126123 
Stopping: 1 Dist Diff: -0.0405 
Stopped 1 
Go 1 SpeedFac:0.000013 DistDiff:-0.419906 
Stopping: 3 Dist Diff: 0.0750 
Stopped 3 
Go 0 SpeedFac:-0.000004 DistDiff:0.126123 
Stopping: 0 Dist Diff: -0.0713 
Stopped 0 
Stopping: 2 Dist Diff: -0.3187 
Stopped 2 
Go 2 SpeedFac:0.000021 DistDiff:-0.318750 
Go 0 SpeedFac:0.000014 DistDiff:-0.468613 
Stopping: 2 Dist Diff: -0.1875 
Stopped 2 
Stopping: 1 Dist Diff: -0.8063 
Stopped 1 
Go 1 SpeedFac:0.000050 DistDiff:-0.806250 
Stopping: 1 Dist Diff: -0.4688 
Stopped 1 
Go 1 SpeedFac:0.000029 DistDiff:-0.468750 
Stopping: 1 Dist Diff: -0.2625 
Stopped 1 
Go 1 SpeedFac:0.000018 DistDiff:-0.262500 
Stopping: 1 Dist Diff: -0.1500 
Stopped 1 
Stopping: 0 Dist Diff: -0.8438 
Stopped 0 
Go 0 SpeedFac:0.000056 DistDiff:-0.843750 
Stopping: 0 Dist Diff: -0.4875 
Stopped 0 
Go 0 SpeedFac:0.000033 DistDiff:-0.487500 
Stopping: 0 Dist Diff: -0.2812 
Stopped 0 
Go 0 SpeedFac:0.000020 DistDiff:-0.281250 
Stopping: 0 Dist Diff: -0.1500 
Stopped 0 
Go 3 SpeedFac:0.000002 DistDiff:-0.068557 
Stopping: 3 Dist Diff: -0.3750 
Stopped 3 
Go 3 SpeedFac:0.000024 DistDiff:-0.375000 
Stopping: 3 Dist Diff: -0.2063 
Stopped 3 
Go 3 SpeedFac:0.000014 DistDiff:-0.206250 
Stopping: 3 Dist Diff: -0.1125 
Stopped 3 
Go 0 SpeedFac:-0.002832 DistDiff:167.850000 
Go 1 SpeedFac:-0.003184 DistDiff:167.850000 
Go 2 SpeedFac:-0.003532 DistDiff:167.812500 
Go 3 SpeedFac:-0.003888 DistDiff:167.887500 
Stopping: 2 Dist Diff: 0.1313 
Stopping: 0 Dist Diff: 0.1313 
Stopping: 1 Dist Diff: 0.1125 
Stopped 2 
Stopped 0 
Stopped 1 
Stopping: 3 Dist Diff: 0.1125 
Stopped 3 
Go 0 SpeedFac:0.002796 DistDiff:-167.868750 
Go 1 SpeedFac:0.002616 DistDiff:-167.887500 
Stopping: 0 Dist Diff: -0.1312 
Stopped 0 
Stopping: 1 Dist Diff: -0.1312 
Stopped 1 
Go 2 SpeedFac:0.002828 DistDiff:-167.868750 
Go 3 SpeedFac:0.002624 DistDiff:-167.887500 
Stopping: 2 Dist Diff: -0.1125 
Stopped 2 
Stopping: 3 Dist Diff: -0.0938 
Stopped 3 
Go 0 SpeedFac:-0.002820 DistDiff:167.868750 
Go 1 SpeedFac:-0.003180 DistDiff:167.868750 
Go 2 SpeedFac:-0.003528 DistDiff:167.906250 
Go 3 SpeedFac:-0.003884 DistDiff:167.906250 
Stopping: 1 Dist Diff: 0.1125 
Stopping: 2 Dist Diff: 0.1125 
Stopping: 0 Dist Diff: 0.1125 
Stopped 1 
Stopped 2 
Stopped 0 
Stopping: 3 Dist Diff: 0.1125 
Stopped 3 
Go 3 SpeedFac:0.002808 DistDiff:-167.887500 
Stopping: 3 Dist Diff: 167.4187 
Stopped 3 
Go 3 SpeedFac:-0.004972 DistDiff:167.418750 
Go 2 SpeedFac:0.002560 DistDiff:-167.887500 
Go 1 SpeedFac:0.002700 DistDiff:-167.887500 
Stopping: 3 Dist Diff: 0.1313 
Stopped 3 
Go 0 SpeedFac:0.002672 DistDiff:-167.887500 
Stopping: 2 Dist Diff: -0.1125 
Stopped 2 
Go 2 SpeedFac:-0.002668 DistDiff:167.887500 
Stopping: 1 Dist Diff: -0.1312 
Stopped 1 
Go 1 SpeedFac:-0.002704 DistDiff:167.868750 
Stopping: 0 Dist Diff: -0.1125 
Stopped 0 
Go 0 SpeedFac:-0.002672 DistDiff:167.887500 
Stopping: 2 Dist Diff: 0.1125 
Stopped 2 
Stopping: 1 Dist Diff: 0.1313 
Stopped 1 
Stopping: 0 Dist Diff: 0.1313 
Stopped 0 
Go 0 SpeedFac:0.002788 DistDiff:-167.868750 
Stopping: 0 Dist Diff: 64.6875 
Stopped 0 
Go 0 SpeedFac:-0.004458 DistDiff:64.687500 
Stopping: 0 Dist Diff: 0.1313 
Stopped 0 
Go 0 SpeedFac:0.002788 DistDiff:-167.868750 
Go 2 SpeedFac:0.002572 DistDiff:-167.887500 
Stopping: 0 Dist Diff: 80.3812 
Stopping: 2 Dist Diff: 20.0625 
Stopped 0 
Stopped 2 
Go 0 SpeedFac:-0.005323 DistDiff:80.381250 
Go 2 SpeedFac:-0.003825 DistDiff:20.062500 
Stopping: 2 Dist Diff: 0.1313 
Stopped 2 
Stopping: 0 Dist Diff: 0.1125 
Stopped 0 
Go 3 SpeedFac:0.002816 DistDiff:-167.868750 
Go 2 SpeedFac:0.002496 DistDiff:-167.868750 
Stopping: 3 Dist Diff: 0.5625 
Stopped 3 
Go 3 SpeedFac:-0.000034 DistDiff:0.562500 
Stopping: 3 Dist Diff: 0.3187 
Stopped 3 
Go 3 SpeedFac:-0.000020 DistDiff:0.318750 
Stopping: 3 Dist Diff: 0.1875 
Stopped 3 
Stopping: 2 Dist Diff: -0.1312 
Stopped 2 
Go 0 SpeedFac:0.002836 DistDiff:-167.887500 
Go 2 SpeedFac:-0.003196 DistDiff:167.868750 
Stopping: 0 Dist Diff: 167.4938 
Stopping: 2 Dist Diff: -167.5125 
Stopped 0 
Stopped 2 
Go 0 SpeedFac:-0.005108 DistDiff:167.493750 
Go 2 SpeedFac:0.005192 DistDiff:-167.512500 
Go 1 SpeedFac:0.002776 DistDiff:-167.868750 
Stopping: 2 Dist Diff: 162.7687 
Stopped 2 
Go 2 SpeedFac:-0.005380 DistDiff:162.768750 
Stopping: 0 Dist Diff: 0.1313 
Stopped 0 
Stopping: 1 Dist Diff: -0.1312 
Stopped 1 
Go 1 SpeedFac:-0.002600 DistDiff:167.868750 
Go 3 SpeedFac:0.003004 DistDiff:-167.812500 
Stopping: 2 Dist Diff: 0.1313 
Stopped 2 
Stopping: 3 Dist Diff: 165.4875 
Stopped 3 
Go 3 SpeedFac:-0.005128 DistDiff:165.487500 
Stopping: 1 Dist Diff: 0.1313 
Stopped 1 
Stopping: 3 Dist Diff: 0.1313 
Stopped 3 
Go 2 SpeedFac:0.002808 DistDiff:-167.868750 
Stopping: 2 Dist Diff: -0.1125 
Stopped 2 
Go 2 SpeedFac:-0.002816 DistDiff:167.887500 
Stopping: 2 Dist Diff: 0.1125 
Stopped 2 
Go 2 SpeedFac:0.002804 DistDiff:-167.887500 
Go 0 SpeedFac:0.002564 DistDiff:-167.868750 
Go 1 SpeedFac:0.002608 DistDiff:-167.868750 
Stopping: 2 Dist Diff: 75.7875 
Stopped 2 
Go 2 SpeedFac:-0.005507 DistDiff:75.787500 
Go 3 SpeedFac:0.002684 DistDiff:-167.868750 
Stopping: 0 Dist Diff: 75.7687 
Stopped 0 
Go 0 SpeedFac:-0.005214 DistDiff:75.768750 
Stopping: 1 Dist Diff: 30.1125 
Stopped 1 
Go 1 SpeedFac:-0.003735 DistDiff:30.112500 
Stopping: 3 Dist Diff: 20.9625 
Stopped 3 
Go 3 SpeedFac:-0.003750 DistDiff:20.962500 
Stopping: 2 Dist Diff: 0.1313 
Stopped 2 
Stopping: 1 Dist Diff: 0.1125 
Stopped 1 
Stopping: 3 Dist Diff: 0.1125 
Stopped 3 
Stopping: 0 Dist Diff: 0.1125 
Stopped 0 
Go 0 SpeedFac:0.002784 DistDiff:-167.887500 
Stopping: 0 Dist Diff: -0.1125 
Stopped 0 
Go 0 SpeedFac:-0.002800 DistDiff:167.887500 
Stopping: 0 Dist Diff: 0.1125 
Stopped 0 
Go 0 SpeedFac:0.002796 DistDiff:-167.887500 
Stopping: 0 Dist Diff: -0.1125 
Stopped 0 
Go 0 SpeedFac:-0.002804 DistDiff:167.887500 
Stopping: 0 Dist Diff: 0.1313 
Stopped 0 
Go 0 SpeedFac:0.002796 DistDiff:-167.868750 
Stopping: 0 Dist Diff: -0.1125 
Stopped 0 
Go 0 SpeedFac:-0.002800 DistDiff:167.887500 
Stopping: 0 Dist Diff: 0.1313 
Stopped 0 
Go 0 SpeedFac:0.002796 DistDiff:-167.887500 
Stopping: 0 Dist Diff: -0.1125 
Stopped 0 
Go 0 SpeedFac:-0.002800 DistDiff:167.887500 
Stopping: 0 Dist Diff: 0.1125 
Stopped 0 
Go 0 SpeedFac:0.002800 DistDiff:-167.887500 
Stopping: 0 Dist Diff: -0.1312 
Stopped 0 
Go 0 SpeedFac:-0.002800 DistDiff:167.887500 
Stopping: 0 Dist Diff: 0.1125 
Stopped 0 
Go 0 SpeedFac:0.002792 DistDiff:-167.887500 
Stopping: 0 Dist Diff: -0.1125 
Stopped 0 
Go 0 SpeedFac:-0.002800 DistDiff:167.887500 
Stopping: 0 Dist Diff: 0.1313 
Stopped 0 
Go 0 SpeedFac:0.002792 DistDiff:-167.868750 
Stopping: 0 Dist Diff: -0.1125 
Stopped 0 
Go 0 SpeedFac:-0.002792 DistDiff:167.887500 
Stopping: 0 Dist Diff: 0.1125 
Stopped 0 
Go 0 SpeedFac:0.002792 DistDiff:-167.887500 
Stopping: 0 Dist Diff: -0.1125 
Stopped 0 
Go 0 SpeedFac:-0.002808 DistDiff:167.887500 
Stopping: 0 Dist Diff: 0.1125 
Stopped 0 
Go 0 SpeedFac:0.002800 DistDiff:-167.887500 
Stopping: 0 Dist Diff: -0.1125 
Stopped 0 
Go 0 SpeedFac:-0.002804 DistDiff:167.887500 
Stopping: 0 Dist Diff: 0.1125 
Stopped 0 
Go 0 SpeedFac:0.002792 DistDiff:-167.887500 
Stopping: 0 Dist Diff: -0.1312 
Stopped 0 
Go 0 SpeedFac:-0.002808 DistDiff:167.887500 
Stopping: 0 Dist Diff: 0.1313 
Stopped 0 
Go 0 SpeedFac:0.002816 DistDiff:-167.868750 
Go 1 SpeedFac:0.002612 DistDiff:-167.887500 
Stopping: 0 Dist Diff: -0.0938 
Stopped 0 
Stopping: 1 Dist Diff: -0.1312 
Stopped 1 
Go 2 SpeedFac:0.002820 DistDiff:-167.868750 
Go 3 SpeedFac:0.002624 DistDiff:-167.887500 
Stopping: 2 Dist Diff: -0.1312 
Stopped 2 
Stopping: 3 Dist Diff: -0.1312 
Stopped 3 
Go 0 SpeedFac:-0.002828 DistDiff:167.906250 
Go 1 SpeedFac:-0.003184 DistDiff:167.868750 
Go 2 SpeedFac:-0.003532 DistDiff:167.868750 
Go 3 SpeedFac:-0.003888 DistDiff:167.868750 
Stopping: 3 Dist Diff: 0.1313 
Stopping: 0 Dist Diff: 0.1125 
Stopping: 1 Dist Diff: 0.1125 
Stopping: 2 Dist Diff: 0.1125 
Stopped 3 
Stopped 0 
Stopped 1 
Stopped 2 
Go 3 SpeedFac:0.002808 DistDiff:-167.868750 
Go 2 SpeedFac:0.002508 DistDiff:-167.887500 
Stopping: 3 Dist Diff: 166.5187 
Stopped 3 
Go 3 SpeedFac:-0.005176 DistDiff:166.518750 
Go 1 SpeedFac:0.002608 DistDiff:-167.887500 
Go 0 SpeedFac:0.002832 DistDiff:-167.887500 
Stopping: 2 Dist Diff: 166.5187 
Stopped 2 
Go 2 SpeedFac:-0.005544 DistDiff:166.518750 
Stopping: 3 Dist Diff: 0.1313 
Stopped 3 
Stopping: 1 Dist Diff: 166.7062 
Stopped 1 
Go 1 SpeedFac:-0.005316 DistDiff:166.706250 
Stopping: 0 Dist Diff: 166.6312 
Stopped 0 
Go 0 SpeedFac:-0.005440 DistDiff:166.631250 
Stopping: 2 Dist Diff: 0.1313 
Stopped 2 
Stopping: 1 Dist Diff: 0.1313 
Stopped 1 
Stopping: 0 Dist Diff: 0.1125 
Stopped 0 
Go 3 SpeedFac:0.002808 DistDiff:-167.868750 
Go 2 SpeedFac:0.002556 DistDiff:-167.868750 
Stopping: 3 Dist Diff: 166.7250 
Stopped 3 
Go 3 SpeedFac:-0.005152 DistDiff:166.725000 
Go 1 SpeedFac:0.002616 DistDiff:-167.868750 
Go 0 SpeedFac:0.002796 DistDiff:-167.887500 
Stopping: 2 Dist Diff: 166.3875 
Stopped 2 
Go 2 SpeedFac:-0.005664 DistDiff:166.387500 
Stopping: 1 Dist Diff: 166.6125 
Stopped 1 
Go 1 SpeedFac:-0.005544 DistDiff:166.612500 
Stopping: 3 Dist Diff: 0.1125 
Stopped 3 
Stopping: 0 Dist Diff: 166.4625 
Stopped 0 
Go 0 SpeedFac:-0.005472 DistDiff:166.462500 
Stopping: 2 Dist Diff: 0.1313 
Stopped 2 
Stopping: 1 Dist Diff: 0.1313 
Stopped 1 
Stopping: 0 Dist Diff: 0.1313 
Stopped 0 
Go 0 SpeedFac:0.002788 DistDiff:-167.868750 
Go 1 SpeedFac:0.002564 DistDiff:-167.868750 
Go 2 SpeedFac:0.002692 DistDiff:-167.868750 
Stopping: 0 Dist Diff: -0.1312 
Stopped 0 
Stopping: 1 Dist Diff: -0.1312 
Stopped 1 
Go 0 SpeedFac:-0.002548 DistDiff:167.868750 
Go 3 SpeedFac:0.002604 DistDiff:-167.887500 
Stopping: 2 Dist Diff: -0.1312 
Stopped 2 
Go 1 SpeedFac:-0.002640 DistDiff:167.868750 
Go 2 SpeedFac:-0.002876 DistDiff:167.868750 
Stopping: 0 Dist Diff: 0.1313 
Stopped 0 
Stopping: 3 Dist Diff: -0.1125 
Stopped 3 
Stopping: 1 Dist Diff: 0.1313 
Stopped 1 
Go 3 SpeedFac:-0.002568 DistDiff:167.887500 
Stopping: 2 Dist Diff: 0.1313 
Stopped 2 
Go 0 SpeedFac:0.002572 DistDiff:-167.868750 
Go 1 SpeedFac:0.002620 DistDiff:-167.868750 
Stopping: 3 Dist Diff: 0.1313 
Stopped 3 
Go 2 SpeedFac:0.002716 DistDiff:-167.868750 
Stopping: 0 Dist Diff: -0.1312 
Stopped 0 
Stopping: 1 Dist Diff: -0.1125 
Stopped 1 
Go 0 SpeedFac:-0.002536 DistDiff:167.868750 
Go 3 SpeedFac:0.002588 DistDiff:-167.868750 
Stopping: 2 Dist Diff: -0.1125 
Stopped 2 
Go 1 SpeedFac:-0.002652 DistDiff:167.887500 
Go 2 SpeedFac:-0.002840 DistDiff:167.887500 
Stopping: 0 Dist Diff: 0.1313 
Stopped 0 
Stopping: 3 Dist Diff: -0.1312 
Stopped 3 
Stopping: 1 Dist Diff: 0.1313 
Stopped 1 
Go 3 SpeedFac:-0.002544 DistDiff:167.868750 
Stopping: 2 Dist Diff: 0.1313 
Stopped 2 
Go 0 SpeedFac:0.002540 DistDiff:-167.868750 
Go 1 SpeedFac:0.002588 DistDiff:-167.868750 
Stopping: 3 Dist Diff: 0.1313 
Stopped 3 
Go 2 SpeedFac:0.002684 DistDiff:-167.868750 
Stopping: 0 Dist Diff: -0.1125 
Stopped 0 
Stopping: 1 Dist Diff: -0.1125 
Stopped 1 
Go 0 SpeedFac:-0.002536 DistDiff:167.887500 
Go 3 SpeedFac:0.002592 DistDiff:-167.868750 
Stopping: 2 Dist Diff: -0.1125 
Stopped 2 
Go 1 SpeedFac:-0.002648 DistDiff:167.887500 
Go 2 SpeedFac:-0.002864 DistDiff:167.887500 
Stopping: 0 Dist Diff: 0.1313 
Stopped 0 
Stopping: 3 Dist Diff: -0.1312 
Stopped 3 
Stopping: 1 Dist Diff: 0.1313 
Stopped 1 
Go 3 SpeedFac:-0.002536 DistDiff:167.868750 
Stopping: 2 Dist Diff: 0.1125 
Stopped 2 
Go 0 SpeedFac:0.002564 DistDiff:-167.868750 
Go 1 SpeedFac:0.002632 DistDiff:-167.868750 
Stopping: 3 Dist Diff: 0.1313 
Stopped 3 
Go 2 SpeedFac:0.002692 DistDiff:-167.887500 
Stopping: 0 Dist Diff: -0.1125 
Stopped 0 
Stopping: 1 Dist Diff: -0.1125 
Stopped 1 
Go 0 SpeedFac:-0.002544 DistDiff:167.887500 
Go 3 SpeedFac:0.002580 DistDiff:-167.868750 
Stopping: 2 Dist Diff: -0.1312 
Stopped 2 
Go 1 SpeedFac:-0.002648 DistDiff:167.887500 
Go 2 SpeedFac:-0.002824 DistDiff:167.887500 
Stopping: 0 Dist Diff: 0.1313 
Stopped 0 
Stopping: 3 Dist Diff: -0.1125 
Stopped 3 
Stopping: 1 Dist Diff: 0.1125 
Stopped 1 
Go 3 SpeedFac:-0.002544 DistDiff:167.887500 
Stopping: 2 Dist Diff: 0.1313 
Stopped 2 
Stopping: 3 Dist Diff: 0.1313 
Stopped 3 
Go 0 SpeedFac:-0.000004 DistDiff:0.123559 
Stopping: 0 Dist Diff: -0.3251 
Stopped 0 
Go 0 SpeedFac:0.000024 DistDiff:-0.325056 
Go 1 SpeedFac:-0.000003 DistDiff:0.104809 
Stopping: 1 Dist Diff: -0.3284 
Stopped 1 
Go 1 SpeedFac:0.000020 DistDiff:-0.328425 
Go 2 SpeedFac:0.000409 DistDiff:-12.999077 
Go 3 SpeedFac:-0.000002 DistDiff:0.072289 
Stopping: 3 Dist Diff: -0.5327 
Stopped 3 
Go 3 SpeedFac:0.000037 DistDiff:-0.532701 
Stopping: 0 Dist Diff: 5.0644 
Stopped 0 
Go 0 SpeedFac:-0.001006 DistDiff:5.064358 
Stopping: 1 Dist Diff: 4.9179 
Stopped 1 
Go 1 SpeedFac:-0.002500 DistDiff:8.345364 
Stopping: 2 Dist Diff: 4.5779 
Stopped 2 
Go 2 SpeedFac:-0.000922 DistDiff:4.577948 
Stopping: 3 Dist Diff: 7.0328 
Stopped 3 
Go 3 SpeedFac:-0.002002 DistDiff:7.032844 
Stopping: 0 Dist Diff: 0.1313 
Stopped 0 
Stopping: 1 Dist Diff: 0.1125 
Stopped 1 
Stopping: 2 Dist Diff: 0.1125 
Stopped 2 
Go 0 SpeedFac:-0.000002 DistDiff:0.054345 
Stopping: 0 Dist Diff: -0.5353 
Stopped 0 
Go 0 SpeedFac:0.000035 DistDiff:-0.535264 
Go 1 SpeedFac:0.000021 DistDiff:-0.677063 
Stopping: 3 Dist Diff: 0.1125 
Stopped 3 
Go 2 SpeedFac:0.002700 DistDiff:-89.226021 
Stopping: 0 Dist Diff: -0.1125 
Stopped 0 
Go 0 SpeedFac:-0.001390 DistDiff:44.087637 
Stopping: 1 Dist Diff: -0.1125 
Stopped 1 
Go 3 SpeedFac:0.001442 DistDiff:-45.461682 
Go 1 SpeedFac:-0.000634 DistDiff:19.631698 
Stopping: 2 Dist Diff: 29.5927 
Stopped 2 
Go 2 SpeedFac:-0.004231 DistDiff:29.592666 
Stopping: 3 Dist Diff: 11.1826 
Stopped 3 
Go 3 SpeedFac:-0.003138 DistDiff:11.182645 
Stopping: 0 Dist Diff: 0.1313 
Stopped 0 
Stopping: 1 Dist Diff: 0.0938 
Stopped 1 
Stopping: 2 Dist Diff: 0.1313 
Stopped 2 
Go 0 SpeedFac:0.000212 DistDiff:-6.918418 
Go 1 SpeedFac:0.000478 DistDiff:-15.384758 
Go 2 SpeedFac:0.000197 DistDiff:-6.113474 
Stopping: 3 Dist Diff: 0.1125 
Stopped 3 
Stopping: 0 Dist Diff: -0.1125 
Stopped 0 
Stopping: 1 Dist Diff: -0.1125 
Stopped 1 
Stopping: 2 Dist Diff: -0.1125 
Stopped 2 
Go 0 SpeedFac:-0.002812 DistDiff:144.415950 
Go 3 SpeedFac:0.002876 DistDiff:-145.889972 
Go 1 SpeedFac:-0.002668 DistDiff:144.177543 
Go 2 SpeedFac:-0.002796 DistDiff:132.267450 
Stopping: 3 Dist Diff: 90.7995 
Stopped 3 
Go 3 SpeedFac:-0.005448 DistDiff:90.799451 
Stopping: 0 Dist Diff: 0.1313 
Stopped 0 
Stopping: 1 Dist Diff: 0.1313 
Stopped 1 
Stopping: 2 Dist Diff: 0.1313 
Stopped 2 
Stopping: 3 Dist Diff: 0.1125 
Stopped 3 
Go 0 SpeedFac:0.002788 DistDiff:-167.868750 
Go 1 SpeedFac:0.002568 DistDiff:-167.868750 
Go 2 SpeedFac:0.002672 DistDiff:-167.868750 
Go 3 SpeedFac:0.002700 DistDiff:-167.887500 
Stopping: 0 Dist Diff: -0.1312 
Stopped 0 
Go 0 SpeedFac:-0.002652 DistDiff:167.868750 
Stopping: 1 Dist Diff: -0.1312 
Stopped 1 
Go 1 SpeedFac:-0.002744 DistDiff:167.868750 
Stopping: 2 Dist Diff: -0.1125 
Stopped 2 
Go 2 SpeedFac:-0.002864 DistDiff:167.887500 
Stopping: 3 Dist Diff: -0.1125 
Stopped 3 
Stopping: 0 Dist Diff: 0.1125 
Stopped 0 
Stopping: 1 Dist Diff: 0.1313 
Stopped 1 
Go 3 SpeedFac:-0.002544 DistDiff:167.887500 
Stopping: 2 Dist Diff: 0.1313 
Stopped 2 
Stopping: 3 Dist Diff: 0.1313 
Stopped 3 
Go 0 SpeedFac:0.002788 DistDiff:-134.287500 
Go 1 SpeedFac:0.002604 DistDiff:-151.070032 
Go 2 SpeedFac:0.001057 DistDiff:-33.468750 
Stopping: 0 Dist Diff: -0.1313 
Stopped 0 
Stopping: 2 Dist Diff: -0.1125 
Stopped 2 
Stopping: 1 Dist Diff: -0.1138 
Stopped 1 
Go 3 SpeedFac:0.002816 DistDiff:-167.868750 
Go 0 SpeedFac:-0.002632 DistDiff:134.268750 
Go 1 SpeedFac:-0.002692 DistDiff:151.087500 
Stopping: 3 Dist Diff: -0.1312 
Stopped 3 
Go 2 SpeedFac:-0.001067 DistDiff:33.487500 
Stopping: 0 Dist Diff: 0.1313 
Stopped 0 
Stopping: 2 Dist Diff: 0.1313 
Stopped 2 
Stopping: 1 Dist Diff: 0.1313 
Stopped 1 
Go 3 SpeedFac:-0.002812 DistDiff:167.868750 
Stopping: 3 Dist Diff: 0.1125 
Stopped 3 
Go 0 SpeedFac:0.002796 DistDiff:-167.868750 
Go 1 SpeedFac:0.002612 DistDiff:-167.868750 
Go 2 SpeedFac:0.002684 DistDiff:-167.868750 
Stopping: 0 Dist Diff: -0.1125 
Stopped 0 
Stopping: 1 Dist Diff: -0.1125 
Stopped 1 
Go 0 SpeedFac:-0.002576 DistDiff:167.887500 
Go 1 SpeedFac:-0.002636 DistDiff:167.887500 
Stopping: 2 Dist Diff: -0.1312 
Stopped 2 
Go 2 SpeedFac:-0.002716 DistDiff:167.868750 
Stopping: 0 Dist Diff: 0.1125 
Stopped 0 
Go 3 SpeedFac:0.002724 DistDiff:-167.887500 
Stopping: 1 Dist Diff: 0.1313 
Stopped 1 
Stopping: 2 Dist Diff: 0.1313 
Stopped 2 
Stopping: 3 Dist Diff: -0.1125 
Stopped 3 
Go 3 SpeedFac:-0.002812 DistDiff:167.887500 
Stopping: 3 Dist Diff: 0.1313 
Stopped 3 
Go 3 SpeedFac:0.002816 DistDiff:-167.868750 
Stopping: 3 Dist Diff: -0.1125 
Stopped 3 
Go 3 SpeedFac:-0.002816 DistDiff:167.887500 
Go 2 SpeedFac:0.002592 DistDiff:-167.887500 
Go 1 SpeedFac:0.002664 DistDiff:-167.868750 
Stopping: 3 Dist Diff: 0.1313 
Stopped 3 
Stopping: 2 Dist Diff: -0.1312 
Stopped 2 
Go 0 SpeedFac:0.002564 DistDiff:-167.887500 
Go 2 SpeedFac:-0.002620 DistDiff:167.868750 
Stopping: 1 Dist Diff: -0.1125 
Stopped 1 
Go 1 SpeedFac:-0.002736 DistDiff:167.887500 
Stopping: 0 Dist Diff: 167.8125 
Stopped 0 
Go 0 SpeedFac:-0.005476 DistDiff:167.812500 
Stopping: 2 Dist Diff: 0.1313 
Stopped 2 
Stopping: 1 Dist Diff: 0.1313 
Stopped 1 
Stopping: 0 Dist Diff: 0.1313 
Stopped 0 
Go 3 SpeedFac:0.002812 DistDiff:-167.887500 
Stopping: 3 Dist Diff: 164.1937 
Stopped 3 
Go 3 SpeedFac:-0.004992 DistDiff:164.212500 
Go 2 SpeedFac:0.002544 DistDiff:-167.868750 
Stopping: 3 Dist Diff: 0.1313 
Stopped 3 
Go 1 SpeedFac:0.002548 DistDiff:-167.887500 
Go 0 SpeedFac:0.002652 DistDiff:-167.868750 
Stopping: 2 Dist Diff: 123.0562 
Stopped 2 
Go 2 SpeedFac:-0.005416 DistDiff:123.056250 
Stopping: 1 Dist Diff: 164.5500 
Stopped 1 
Go 1 SpeedFac:-0.005556 DistDiff:164.550000 
Stopping: 0 Dist Diff: 164.7188 
Stopped 0 
Go 0 SpeedFac:-0.005408 DistDiff:164.718750 
Stopping: 2 Dist Diff: 0.1125 
Stopped 2 
Stopping: 1 Dist Diff: 0.1125 
Stopped 1 
Stopping: 0 Dist Diff: 0.1313 
Stopped 0 
Go 0 SpeedFac:0.002788 DistDiff:-167.887500 
Go 1 SpeedFac:0.002596 DistDiff:-167.887500 
Go 2 SpeedFac:0.002696 DistDiff:-167.887500 
Stopping: 0 Dist Diff: -0.1312 
Stopped 0 
Go 0 SpeedFac:-0.002668 DistDiff:167.868750 
Stopping: 1 Dist Diff: -0.1312 
Stopped 1 
Go 1 SpeedFac:-0.002684 DistDiff:167.868750 
Stopping: 2 Dist Diff: -0.1312 
Stopped 2 
Go 2 SpeedFac:-0.002680 DistDiff:167.868750 
Stopping: 0 Dist Diff: 0.1125 
Stopped 0 
Go 3 SpeedFac:0.002680 DistDiff:-167.887500 
Stopping: 1 Dist Diff: 0.1313 
Stopped 1 
Stopping: 2 Dist Diff: 0.1313 
Stopped 2 
Stopping: 3 Dist Diff: -0.1312 
Stopped 3 
Go 3 SpeedFac:-0.002820 DistDiff:167.868750 
Go 0 SpeedFac:0.002572 DistDiff:-167.887500 
Stopping: 3 Dist Diff: 0.1125 
Stopped 3 
Stopping: 0 Dist Diff: -0.1312 
Stopped 0 
Go 0 SpeedFac:-0.002800 DistDiff:167.868750 
Stopping: 0 Dist Diff: 0.1313 
Stopped 0 
Go 3 SpeedFac:-0.000004 DistDiff:0.109936 
Stopping: 3 Dist Diff: -0.1105 
Stopped 3 
Go 3 SpeedFac:0.000021 DistDiff:-0.612975 
Go 2 SpeedFac:-0.000003 DistDiff:0.105615 
Stopping: 2 Dist Diff: -0.1559 
Stopped 2 
Go 2 SpeedFac:0.000024 DistDiff:-0.799306 
Go 1 SpeedFac:-0.000004 DistDiff:0.128686 
Stopping: 1 Dist Diff: -0.0585 
Stopped 1 
Stopping: 3 Dist Diff: -0.2812 
Stopped 3 
Go 3 SpeedFac:0.000018 DistDiff:-0.281250 
Go 1 SpeedFac:0.000018 DistDiff:-0.563463 
Stopping: 3 Dist Diff: -0.1500 
Stopped 3 
Go 0 SpeedFac:-0.000002 DistDiff:0.079980 
Stopping: 2 Dist Diff: -0.3000 
Stopped 2 
Go 2 SpeedFac:0.000019 DistDiff:-0.300000 
Stopping: 0 Dist Diff: -0.2379 
Stopped 0 
Go 0 SpeedFac:0.000015 DistDiff:-0.237896 
Stopping: 2 Dist Diff: -0.1688 
Stopped 2 
Stopping: 1 Dist Diff: -0.5438 
Stopped 1 
Go 1 SpeedFac:0.000034 DistDiff:-0.543750 
Stopping: 1 Dist Diff: -0.3187 
Stopped 1 
Go 1 SpeedFac:0.000021 DistDiff:-0.318750 
Stopping: 1 Dist Diff: -0.1875 
Stopped 1 
Stopping: 0 Dist Diff: -0.1875 
Stopped 0 
Go 0 SpeedFac:0.000006 DistDiff:-0.179809 
Stopping: 0 Dist Diff: 0.0483 
Stopped 0 
Go 0 SpeedFac:-0.000015 DistDiff:0.461069 
Go 1 SpeedFac:0.000006 DistDiff:-0.182373 
Stopping: 1 Dist Diff: 0.0073 
Stopped 1 
Go 1 SpeedFac:-0.000014 DistDiff:0.453379 
Go 2 SpeedFac:0.000005 DistDiff:-0.153369 
Stopping: 2 Dist Diff: 0.0261 
Stopped 2 
Go 2 SpeedFac:-0.000013 DistDiff:0.418295 
Stopping: 0 Dist Diff: 0.4500 
Stopped 0 
Go 0 SpeedFac:-0.000031 DistDiff:0.450000 
Stopping: 0 Dist Diff: 0.2625 
Stopped 0 
Go 0 SpeedFac:-0.000017 DistDiff:0.262500 
Go 3 SpeedFac:0.000005 DistDiff:-0.144873 
Stopping: 1 Dist Diff: 0.5812 
Stopped 1 
Go 1 SpeedFac:-0.000037 DistDiff:0.581250 
Stopping: 3 Dist Diff: 0.0346 
Stopped 3 
Go 3 SpeedFac:-0.000016 DistDiff:0.506260 
Stopping: 0 Dist Diff: 0.1500 
Stopped 0 
Stopping: 1 Dist Diff: 0.3375 
Stopped 1 
Go 1 SpeedFac:-0.000021 DistDiff:0.337500 
Stopping: 2 Dist Diff: 0.2250 
Stopped 2 
Go 2 SpeedFac:-0.000014 DistDiff:0.225000 
Stopping: 1 Dist Diff: 0.1875 
Stopped 1 
Stopping: 2 Dist Diff: 0.1313 
Stopped 2 
Stopping: 3 Dist Diff: 0.8250 
Stopped 3 
Go 3 SpeedFac:-0.000056 DistDiff:0.825000 
Stopping: 3 Dist Diff: 0.4875 
Stopped 3 
Go 3 SpeedFac:-0.000035 DistDiff:0.487500 
Stopping: 3 Dist Diff: 0.2812 
Stopped 3 
Go 3 SpeedFac:-0.000019 DistDiff:0.281250 
Stopping: 3 Dist Diff: 0.1500 
Stopped 3 
Go 0 SpeedFac:-0.000005 DistDiff:0.142309 
Stopping: 0 Dist Diff: -0.0679 
Stopped 0 
Go 0 SpeedFac:0.000020 DistDiff:-0.593420 
Go 1 SpeedFac:-0.000005 DistDiff:0.179809 
Stopping: 1 Dist Diff: 0.0081 
Stopped 1 
Go 1 SpeedFac:0.000013 DistDiff:-0.417490 
Go 2 SpeedFac:-0.000004 DistDiff:0.126123 
Stopping: 2 Dist Diff: -0.1277 
Stopped 2 
Go 2 SpeedFac:0.000018 DistDiff:-0.568590 
Stopping: 0 Dist Diff: -0.8063 
Stopped 0 
Go 0 SpeedFac:0.000054 DistDiff:-0.806250 
Stopping: 0 Dist Diff: -0.4688 
Stopped 0 
Go 0 SpeedFac:0.000030 DistDiff:-0.468750 
Go 3 SpeedFac:-0.000005 DistDiff:0.144873 
Stopping: 1 Dist Diff: -0.8063 
Stopped 1 
Go 1 SpeedFac:0.000052 DistDiff:-0.806250 
Stopping: 3 Dist Diff: -0.0346 
Stopped 3 
Go 3 SpeedFac:0.000018 DistDiff:-0.567784 
Stopping: 0 Dist Diff: -0.2625 
Stopped 0 
Go 0 SpeedFac:0.000017 DistDiff:-0.262500 
Stopping: 1 Dist Diff: -0.4688 
Stopped 1 
Go 1 SpeedFac:0.000030 DistDiff:-0.468750 
Stopping: 2 Dist Diff: -0.8250 
Stopped 2 
Go 2 SpeedFac:0.000053 DistDiff:-0.825000 
Stopping: 0 Dist Diff: -0.1500 
Stopped 0 
Stopping: 1 Dist Diff: -0.2625 
Stopped 1 
Go 1 SpeedFac:0.000016 DistDiff:-0.262500 
Stopping: 2 Dist Diff: -0.4875 
Stopped 2 
Go 2 SpeedFac:0.000031 DistDiff:-0.487500 
Stopping: 1 Dist Diff: -0.1500 
Stopped 1 
Stopping: 2 Dist Diff: -0.2812 
Stopped 2 
Go 2 SpeedFac:0.000017 DistDiff:-0.281250 
Stopping: 2 Dist Diff: -0.1500 
Stopped 2 
Stopping: 3 Dist Diff: -0.2812 
Stopped 3 
Go 3 SpeedFac:0.000017 DistDiff:-0.281250 
Stopping: 3 Dist Diff: -0.1500 
Stopped 3 
Go 0 SpeedFac:-0.002808 DistDiff:167.850000 
Stopping: 0 Dist Diff: 0.1313 
Stopped 0 
Go 3 SpeedFac:-0.002828 DistDiff:167.850000 
Stopping: 3 Dist Diff: 0.1125 
Stopped 3 
Go 0 SpeedFac:0.002808 DistDiff:-167.868750 
Go 2 SpeedFac:-0.002612 DistDiff:167.850000 
Stopping: 0 Dist Diff: -0.1125 
Stopped 0 
Go 1 SpeedFac:-0.002588 DistDiff:167.850000 
Go 0 SpeedFac:-0.002612 DistDiff:167.887500 
Stopping: 2 Dist Diff: 0.1125 
Stopped 2 
Stopping: 1 Dist Diff: 0.1125 
Stopped 1 
Stopping: 0 Dist Diff: 0.1125 
Stopped 0 
Go 0 SpeedFac:0.002792 DistDiff:-167.887500 
Stopping: 0 Dist Diff: -0.1125 
Stopped 0 
Go 0 SpeedFac:-0.002800 DistDiff:167.887500 
Stopping: 0 Dist Diff: 0.1313 
Stopped 0 
Go 0 SpeedFac:0.002792 DistDiff:-167.868750 
Stopping: 0 Dist Diff: -0.1312 
Stopped 0 
Go 0 SpeedFac:-0.002800 DistDiff:167.868750 
Stopping: 0 Dist Diff: 0.1125 
Stopped 0 
Go 0 SpeedFac:0.002792 DistDiff:-167.887500 
Stopping: 0 Dist Diff: -0.1312 
Stopped 0 
Go 0 SpeedFac:-0.002804 DistDiff:167.868750 
Stopping: 0 Dist Diff: 0.1125 
Stopped 0 
Go 0 SpeedFac:0.002796 DistDiff:-167.887500 
Stopping: 0 Dist Diff: -0.0938 
Stopped 0 
Go 0 SpeedFac:-0.002804 DistDiff:167.906250 
Stopping: 0 Dist Diff: 0.1313 
Stopped 0 
Go 0 SpeedFac:0.002800 DistDiff:-167.868750 
Stopping: 0 Dist Diff: -0.1125 
Stopped 0 
Go 0 SpeedFac:-0.002800 DistDiff:167.887500 
Stopping: 0 Dist Diff: 0.1313 
Stopped 0 
Go 0 SpeedFac:0.002796 DistDiff:-167.868750 
Stopping: 0 Dist Diff: -0.1312 
Stopped 0 
Go 0 SpeedFac:-0.002800 DistDiff:167.868750 
Stopping: 0 Dist Diff: 0.1125 
Stopped 0 
Go 0 SpeedFac:0.002828 DistDiff:-167.887500 
Stopping: 0 Dist Diff: -0.1125 
Stopped 0 
Go 0 SpeedFac:-0.002796 DistDiff:167.887500 
Stopping: 0 Dist Diff: 0.1125 
Stopped 0 
Go 0 SpeedFac:0.002796 DistDiff:-167.887500 
Stopping: 0 Dist Diff: -0.1125 
Stopped 0 
Go 0 SpeedFac:-0.002804 DistDiff:167.887500 
Stopping: 0 Dist Diff: 0.1313 
Stopped 0 
Go 0 SpeedFac:0.002792 DistDiff:-167.868750 
Stopping: 0 Dist Diff: -0.1125 
Stopped 0 
Go 0 SpeedFac:-0.002804 DistDiff:167.887500 
Stopping: 0 Dist Diff: 0.1125 
Stopped 0 
Go 0 SpeedFac:0.002792 DistDiff:-167.887500 
Stopping: 0 Dist Diff: -0.1125 
Stopped 0 
Go 0 SpeedFac:-0.002796 DistDiff:167.887500 
Stopping: 0 Dist Diff: 0.1313 
Stopped 0 
Go 0 SpeedFac:0.002812 DistDiff:-167.868750 
Go 1 SpeedFac:0.003184 DistDiff:-167.887500 
Go 2 SpeedFac:0.003544 DistDiff:-167.887500 
Go 3 SpeedFac:0.003900 DistDiff:-167.887500 
Stopping: 0 Dist Diff: -0.1312 
Stopping: 1 Dist Diff: -0.1312 
Stopping: 2 Dist Diff: -0.1312 
Stopping: 3 Dist Diff: -0.1312 
Stopped 0 
Stopped 1 
Stopped 2 
Stopped 3 
Go 0 SpeedFac:-0.002832 DistDiff:167.868750 
Go 1 SpeedFac:-0.003184 DistDiff:167.868750 
Go 2 SpeedFac:-0.003528 DistDiff:167.868750 
Go 3 SpeedFac:-0.003892 DistDiff:167.868750 
Stopping: 1 Dist Diff: 0.1313 
Stopping: 2 Dist Diff: 0.1313 
Stopping: 3 Dist Diff: 0.1313 
Stopping: 0 Dist Diff: 0.1125 
Stopped 1 
Stopped 2 
Stopped 3 
Stopped 0 
Go 0 SpeedFac:0.002800 DistDiff:-167.887500 
Go 1 SpeedFac:0.002528 DistDiff:-167.868750 
Stopping: 0 Dist Diff: -0.1312 
Stopped 0 
Stopping: 1 Dist Diff: -0.1125 
Stopped 1 
Go 2 SpeedFac:0.002816 DistDiff:-167.868750 
Go 3 SpeedFac:0.002624 DistDiff:-167.868750 
Stopping: 2 Dist Diff: -0.1125 
Stopped 2 
Stopping: 3 Dist Diff: -0.1125 
Stopped 3 
Go 0 SpeedFac:-0.002836 DistDiff:167.868750 
Go 1 SpeedFac:-0.003196 DistDiff:167.887500 
Go 2 SpeedFac:-0.003540 DistDiff:167.887500 
Go 3 SpeedFac:-0.003900 DistDiff:167.887500 
Stopping: 3 Dist Diff: 0.1313 
Stopping: 0 Dist Diff: 0.1313 
Stopping: 1 Dist Diff: 0.1125 
Stopping: 2 Dist Diff: 0.1125 
Stopped 3 
Stopped 0 
Stopped 1 
Stopped 2 
Go 0 SpeedFac:0.002804 DistDiff:-167.868750 
Go 1 SpeedFac:0.002520 DistDiff:-167.887500 
Stopping: 0 Dist Diff: -0.1125 
Stopped 0 
Stopping: 1 Dist Diff: -0.1125 
Stopped 1 
Go 0 SpeedFac:-0.002812 DistDiff:167.887500 
Go 1 SpeedFac:-0.003168 DistDiff:167.887500 
Stopping: 0 Dist Diff: 0.1313 
Stopping: 1 Dist Diff: 0.1313 
Stopped 0 
Stopped 1 
Go 0 SpeedFac:0.002792 DistDiff:-167.868750 
Go 1 SpeedFac:0.002552 DistDiff:-167.868750 
Stopping: 0 Dist Diff: -0.1312 
Stopped 0 
Stopping: 1 Dist Diff: -0.1125 
Stopped 1 
Go 2 SpeedFac:0.002820 DistDiff:-167.887500 
Go 3 SpeedFac:0.002592 DistDiff:-167.868750 
Stopping: 2 Dist Diff: -0.1312 
Stopped 2 
Stopping: 3 Dist Diff: -0.1125 
Stopped 3 
Go 0 SpeedFac:-0.002828 DistDiff:167.868750 
Go 1 SpeedFac:-0.003180 DistDiff:167.887500 
Go 2 SpeedFac:-0.003528 DistDiff:167.868750 
Go 3 SpeedFac:-0.003884 DistDiff:167.887500 
Stopping: 1 Dist Diff: 0.1125 
Stopping: 0 Dist Diff: 0.1125 
Stopped 1 
Stopping: 2 Dist Diff: 0.1125 
Stopping: 3 Dist Diff: 0.1125 
Stopped 0 
Stopped 2 
Stopped 3 
Go 0 SpeedFac:0.002788 DistDiff:-167.887500 
Go 1 SpeedFac:0.002560 DistDiff:-167.887500 
Stopping: 0 Dist Diff: -0.1312 
Stopped 0 
Stopping: 1 Dist Diff: -0.1312 
Stopped 1 
Go 2 SpeedFac:0.002824 DistDiff:-167.887500 
Go 3 SpeedFac:0.002632 DistDiff:-167.887500 
Stopping: 2 Dist Diff: -0.1312 
Stopped 2 
Stopping: 3 Dist Diff: -0.1312 
Stopped 3 
Go 0 SpeedFac:-0.002832 DistDiff:167.868750 
Go 1 SpeedFac:-0.003188 DistDiff:167.868750 
Go 2 SpeedFac:-0.003544 DistDiff:167.868750 
Go 3 SpeedFac:-0.003908 DistDiff:167.868750 
Stopping: 0 Dist Diff: 0.1313 
Stopped 0 
Stopping: 1 Dist Diff: 0.1125 
Stopping: 2 Dist Diff: 0.1125 
Stopping: 3 Dist Diff: 0.1125 
Stopped 1 
Stopped 2 
Stopped 3 
Go 0 SpeedFac:0.002796 DistDiff:-167.868750 
Go 1 SpeedFac:0.002596 DistDiff:-167.887500 
Stopping: 0 Dist Diff: -0.1125 
Stopped 0 
Stopping: 1 Dist Diff: -0.1125 
Stopped 1 
Go 2 SpeedFac:0.002820 DistDiff:-167.887500 
Go 3 SpeedFac:0.002584 DistDiff:-167.887500 
Stopping: 2 Dist Diff: -0.1125 
Stopped 2 
Stopping: 3 Dist Diff: -0.1312 
Stopped 3 
Go 0 SpeedFac:-0.002836 DistDiff:167.887500 
Go 1 SpeedFac:-0.003188 DistDiff:167.887500 
Go 2 SpeedFac:-0.003528 DistDiff:167.887500 
Go 3 SpeedFac:-0.003888 DistDiff:167.868750 
Stopping: 1 Dist Diff: 0.1125 
Stopping: 2 Dist Diff: 0.1313 
Stopping: 0 Dist Diff: 0.1125 
Stopped 1 
Stopped 2 
Stopped 0 
Stopping: 3 Dist Diff: 0.1125 
Stopped 3 
Go 0 SpeedFac:0.002792 DistDiff:-167.887500 
Go 1 SpeedFac:0.002588 DistDiff:-167.887500 
Stopping: 0 Dist Diff: -0.1312 
Stopped 0 
Stopping: 1 Dist Diff: -0.1125 
Stopped 1 
Go 2 SpeedFac:0.002820 DistDiff:-167.887500 
Go 3 SpeedFac:0.002624 DistDiff:-167.887500 
Stopping: 2 Dist Diff: -0.1312 
Stopped 2 
Stopping: 3 Dist Diff: -0.1125 
Stopped 3 
Go 0 SpeedFac:-0.002828 DistDiff:167.868750 
Go 1 SpeedFac:-0.003188 DistDiff:167.887500 
Go 2 SpeedFac:-0.003536 DistDiff:167.868750 
Go 3 SpeedFac:-0.003896 DistDiff:167.887500 
Stopping: 2 Dist Diff: 0.1313 
Stopping: 0 Dist Diff: 0.1125 
Stopping: 1 Dist Diff: 0.1125 
Stopped 2 
Stopped 0 
Stopped 1 
Stopping: 3 Dist Diff: 0.1313 
Stopped 3 
Go 0 SpeedFac:0.002796 DistDiff:-167.887500 
Go 1 SpeedFac:0.002572 DistDiff:-167.887500 
Stopping: 0 Dist Diff: -0.1500 
Stopped 0 
Stopping: 1 Dist Diff: -0.1312 
Stopped 1 
Go 2 SpeedFac:0.002824 DistDiff:-167.887500 
Go 3 SpeedFac:0.002620 DistDiff:-167.868750 
Stopping: 2 Dist Diff: -0.1312 
Stopped 2 
Stopping: 3 Dist Diff: -0.1312 
Stopped 3 
Go 0 SpeedFac:-0.002832 DistDiff:167.868750 
Go 1 SpeedFac:-0.003184 DistDiff:167.868750 
Go 2 SpeedFac:-0.003528 DistDiff:167.868750 
Go 3 SpeedFac:-0.003884 DistDiff:167.868750 
Stopping: 0 Dist Diff: 0.1313 
Stopped 0 
Stopping: 1 Dist Diff: 0.1125 
Stopping: 2 Dist Diff: 0.1125 
Stopping: 3 Dist Diff: 0.1125 
Stopped 1 
Stopped 2 
Stopped 3 
Go 0 SpeedFac:0.002792 DistDiff:-167.868750 
Go 1 SpeedFac:0.002576 DistDiff:-167.887500 
Stopping: 0 Dist Diff: -0.1312 
Stopped 0 
Stopping: 1 Dist Diff: -0.1125 
Stopped 1 
Go 2 SpeedFac:0.002824 DistDiff:-167.887500 
Go 3 SpeedFac:0.002628 DistDiff:-167.887500 
Stopping: 2 Dist Diff: -0.1312 
Stopped 2 
Stopping: 3 Dist Diff: -0.1312 
Stopped 3 
Go 0 SpeedFac:-0.002824 DistDiff:167.868750 
Go 1 SpeedFac:-0.003180 DistDiff:167.887500 
Go 2 SpeedFac:-0.003528 DistDiff:167.868750 
Go 3 SpeedFac:-0.003888 DistDiff:167.868750 
Stopping: 0 Dist Diff: 0.1313 
Stopped 0 
Stopping: 2 Dist Diff: 0.1125 
Stopping: 3 Dist Diff: 0.1313 
Stopping: 1 Dist Diff: 0.1125 
Stopped 2 
Stopped 3 
Stopped 1 
Go 0 SpeedFac:0.002792 DistDiff:-167.868750 
Go 1 SpeedFac:0.002552 DistDiff:-167.887500 
Stopping: 0 Dist Diff: -0.1125 
Stopped 0 
Stopping: 1 Dist Diff: -0.1312 
Stopped 1 
Go 2 SpeedFac:0.002824 DistDiff:-167.887500 
Go 3 SpeedFac:0.002624 DistDiff:-167.868750 
Stopping: 2 Dist Diff: -0.1312 
Stopped 2 
Stopping: 3 Dist Diff: -0.1125 
Stopped 3 
Go 0 SpeedFac:-0.002832 DistDiff:167.906250 
Go 1 SpeedFac:-0.003184 DistDiff:167.868750 
Go 2 SpeedFac:-0.003536 DistDiff:167.868750 
Go 3 SpeedFac:-0.003888 DistDiff:167.887500 
Stopping: 0 Dist Diff: 0.1313 
Stopping: 1 Dist Diff: 0.1313 
Stopping: 2 Dist Diff: 0.1125 
Stopped 0 
Stopped 1 
Stopped 2 
Stopping: 3 Dist Diff: 0.1125 
Stopped 3 
Go 0 SpeedFac:0.002796 DistDiff:-167.868750 
Go 1 SpeedFac:0.002524 DistDiff:-167.868750 
Stopping: 0 Dist Diff: -0.1312 
Stopped 0 
Stopping: 1 Dist Diff: -0.1125 
Stopped 1 
Go 2 SpeedFac:0.002824 DistDiff:-167.887500 
Go 3 SpeedFac:0.002580 DistDiff:-167.887500 
Stopping: 2 Dist Diff: -0.1125 
Stopped 2 
Stopping: 3 Dist Diff: -0.1312 
Stopped 3 
Go 0 SpeedFac:-0.002828 DistDiff:167.868750 
Go 1 SpeedFac:-0.003176 DistDiff:167.887500 
Go 2 SpeedFac:-0.003524 DistDiff:167.887500 
Go 3 SpeedFac:-0.003880 DistDiff:167.868750 
Stopping: 0 Dist Diff: 0.1313 
Stopping: 1 Dist Diff: 0.1313 
Stopping: 2 Dist Diff: 0.1125 
Stopped 0 
Stopped 1 
Stopped 2 
Stopping: 3 Dist Diff: 0.1125 
Stopped 3 
Go 0 SpeedFac:0.002792 DistDiff:-167.868750 
Stopping: 0 Dist Diff: -0.1125 
Stopped 0 
Go 1 SpeedFac:0.002816 DistDiff:-167.868750 
Stopping: 1 Dist Diff: -0.1125 
Stopped 1 
Go 2 SpeedFac:0.002820 DistDiff:-167.887500 
Go 3 SpeedFac:0.002620 DistDiff:-167.887500 
Stopping: 2 Dist Diff: -0.1312 
Stopped 2 
Stopping: 3 Dist Diff: -0.1312 
Stopped 3 
Go 0 SpeedFac:-0.002828 DistDiff:167.887500 
Go 1 SpeedFac:-0.003180 DistDiff:167.887500 
Go 2 SpeedFac:-0.003528 DistDiff:167.868750 
Go 3 SpeedFac:-0.003888 DistDiff:167.868750 
Stopping: 2 Dist Diff: 0.1313 
Stopping: 3 Dist Diff: 0.1313 
Stopping: 0 Dist Diff: 0.1313 
Stopping: 1 Dist Diff: 0.1125 
Stopped 2 
Stopped 3 
Stopped 0 
Stopped 1 
Go 0 SpeedFac:0.002796 DistDiff:-167.868750 
Go 1 SpeedFac:0.002872 DistDiff:-167.887500 
Stopping: 0 Dist Diff: -0.1125 
Stopped 0 
Stopping: 1 Dist Diff: -0.1125 
Stopped 1 
Go 0 SpeedFac:-0.002812 DistDiff:167.887500 
Go 1 SpeedFac:-0.003172 DistDiff:167.887500 
Stopping: 0 Dist Diff: 0.1313 
Stopped 0 
Stopping: 1 Dist Diff: 0.1313 
Stopped 1 
Go 2 SpeedFac:0.002804 DistDiff:-167.868750 
Go 3 SpeedFac:0.002624 DistDiff:-167.868750 
Stopping: 2 Dist Diff: -0.1312 
Stopped 2 
Stopping: 3 Dist Diff: -0.1312 
Stopped 3 
Go 2 SpeedFac:-0.002824 DistDiff:167.868750 
Go 3 SpeedFac:-0.003168 DistDiff:167.868750 
Stopping: 3 Dist Diff: 0.1125 
Stopping: 2 Dist Diff: 0.1125 
Stopped 3 
Stopped 2 
Go 0 SpeedFac:0.002796 DistDiff:-167.868750 
Go 1 SpeedFac:0.002524 DistDiff:-167.868750 
Stopping: 0 Dist Diff: -0.1125 
Stopped 0 
Stopping: 1 Dist Diff: -0.1125 
Stopped 1 
Go 2 SpeedFac:0.002816 DistDiff:-167.887500 
Go 3 SpeedFac:0.002600 DistDiff:-167.887500 
Stopping: 2 Dist Diff: -0.1125 
Stopped 2 
Stopping: 3 Dist Diff: -0.1125 
Stopped 3 
Go 0 SpeedFac:-0.002828 DistDiff:167.887500 
Go 1 SpeedFac:-0.003188 DistDiff:167.887500 
Go 2 SpeedFac:-0.003532 DistDiff:167.887500 
Go 3 SpeedFac:-0.003888 DistDiff:167.887500 
Stopping: 1 Dist Diff: 0.1313 
Stopping: 2 Dist Diff: 0.1313 
Stopping: 0 Dist Diff: 0.1125 
Stopped 1 
Stopped 2 
Stopped 0 
Stopping: 3 Dist Diff: 0.1125 
Stopped 3 
