Stopping: 0 Dist Diff: 0.0000 
Stopping: 1 Dist Diff: 0.0000 
Stopping: 2 Dist Diff: 0.0000 
Stopping: 3 Dist Diff: 0.0000 
Stopped 0 
Id: 0 LOST STEPS:0
adr: 111, cs_a: 0, fsact: 0, ola: 0, olb , ot: 0, otpw: 0, s2ga: 0, s2gb: 0, sg_res: 0, sr: 52, stall: -2147483596, stst: 0Stopped 1 
Id: 1 LOST STEPS:0
adr: 111, cs_a: 0, fsact: 0, ola: 0, olb , ot: 0, otpw: 0, s2ga: 0, s2gb: 0, sg_res: 0, sr: 41, stall: -2147483607, stst: 0Stopped 2 
Id: 2 LOST STEPS:0
adr: 111, cs_a: 0, fsact: 0, ola: 0, olb , ot: 0, otpw: 0, s2ga: 0, s2gb: 0, sg_res: 0, sr: 59, stall: -2147483589, stst: 0Stopped 3 
Id: 3 LOST STEPS:0
adr: 111, cs_a: 0, fsact: 0Go 0 SpeedFac:0.002712 DistDiff:-168.000000 
Go 1 SpeedFac:0.002592 DistDiff:-168.000000 
Stopping: 0 Dist Diff: -0.1125 
Stopped 0 
Id: 0 LOST STEPS:0
adr: 111, cs_a: 25, fsact: 0, ola: 0, olb , ot: 0, otpw: 0, s2ga: 0, s2gb: 0, sg_res: 0, sr: 0, stall: 1638400, stst: 0Stopping: 1 Dist Diff: -69.8625 
Stopped 1 
Id: 1 LOST STEPS:0
adr: 111, cs_a: 25, fsact: 0, ola: 1, olb , ot: 1, otpw: 0, s2ga: 0, s2gb: 0, sg_res: 1, sr: 0, stall: 1880686592, stst: 0Go 1 SpeedFac:0.007571 DistDiff:-69.800000 
Stopping: 1 Dist Diff: -0.1125 
Stopped 1 
Id: 1 LOST STEPS:0
adr: 111, cs_a: 25, fsact: 0, ola: 1, olb , ot: 1, otpw: 0, s2ga: 0, s2gb: 0, sg_res: 1, sr: 0, stall: 1880686592, stst: 0