Stopping: 0 Dist Diff: 0.0000 
Stopping: 1 Dist Diff: 0.0000 
Stopping: 2 Dist Diff: 0.0000 
Stopping: 3 Dist Diff: 0.0000 
Stopped 0 
Stopped 1 
Stopped 2 
Stopped 3 
id: 0, steps per second: 0, TSTEP: 0
id: 0, CHOPCONF(): .00000000.00000001.00000000.00110011
id: 1, steps per second: 0, TSTEP: 0
id: 1, CHOPCONF(): .00000000.00000001.00000000.00110011
id: 2, steps per second: 0, TSTEP: 0
id: 2, CHOPCONF(): .00000000.00000001.00000000.00110011
id: 3, steps per second: 0, TSTEP: 0
id: 3, CHOPCONF(): .00000000.00000001.00000000.00110011
Go 0 SpeedFac:0.003344 DistDiff:0.000000 
id: 0, steps per second: 603, TSTEP: 12135
id: 0, CHOPCONF(): .00000000.00000001.00000000.00110011
id: 1, steps per second: 0, TSTEP: 0
id: 1, CHOPCONF(): .00000000.00000001.00000000.00110011
id: 2, steps per second: 0, TSTEP: 0
id: 2, CHOPCONF(): .00000000.00000001.00000000.00110011
id: 3, steps per second: 0, TSTEP: 0
id: 3, CHOPCONF(): .00000000.00000001.00000000.00110011
id: 0, steps per second: 1002, TSTEP: 12136
id: 0, CHOPCONF(): .00000000.00000001.00000000.00110011
id: 1, steps per second: 0, TSTEP: 0
id: 1, CHOPCONF(): .00000000.00000001.00000000.00110011
id: 2, steps per second: 0, TSTEP: 0
id: 2, CHOPCONF(): .00000000.00000001.00000000.00110011
id: 3, steps per second: 0, TSTEP: 0
id: 3, CHOPCONF(): .00000000.00000001.00000000.00110011
id: 0, steps per second: 1002, TSTEP: 12134
id: 0, CHOPCONF(): .00000000.00000001.00000000.00110011
id: 1, steps per second: 0, TSTEP: 0
id: 1, CHOPCONF(): .00000000.00000001.00000000.00110011
id: 2, steps per second: 0, TSTEP: 0
id: 2, CHOPCONF(): .00000000.00000001.00000000.00110011
id: 3, steps per second: 0, TSTEP: 0
id: 3, CHOPCONF(): .00000000.00000001.00000000.00110011
id: 0, steps per second: 1002, TSTEP: 12136
id: 0, CHOPCONF(): .00000000.00000001.00000000.00110011
id: 1, steps per second: 0, TSTEP: 0
id: 1, CHOPCONF(): .00000000.00000001.00000000.00110011
id: 2, steps per second: 0, TSTEP: 0
id: 2, CHOPCONF(): .00000000.00000001.00000000.00110011
id: 3, steps per second: 0, TSTEP: 0
id: 3, CHOPCONF(): .00000000.00000001.00000000.00110011
id: 0, steps per second: 1003, TSTEP: 12138
id: 0, CHOPCONF(): .00000000.00000001.00000000.00110011
id: 1, steps per second: 0, TSTEP: 0
id: 1, CHOPCONF(): .00000000.00000001.00000000.00110011
id: 2, steps per second: 0, TSTEP: 0
id: 2, CHOPCONF(): .00000000.00000001.00000000.00110011
id: 3, steps per second: 0, TSTEP: 0
id: 3, CHOPCONF(): .00000000.00000001.00000000.00110011
id: 0, steps per second: 1003, TSTEP: 12136
id: 0, CHOPCONF(): .00000000.00000001.00000000.00110011
id: 1, steps per second: 0, TSTEP: 0
id: 1, CHOPCONF(): .00000000.00000001.00000000.00110011
id: 2, steps per second: 0, TSTEP: 0
id: 2, CHOPCONF(): .00000000.00000001.00000000.00110011
id: 3, steps per second: 0, TSTEP: 0
id: 3, CHOPCONF(): .00000000.00000001.00000000.00110011
id: 0, steps per second: 1002, TSTEP: 12138
id: 0, CHOPCONF(): .00000000.00000001.00000000.00110011
id: 1, steps per second: 0, TSTEP: 0
id: 1, CHOPCONF(): .00000000.00000001.00000000.00110011
id: 2, steps per second: 0, TSTEP: 0
id: 2, CHOPCONF(): .00000000.00000001.00000000.00110011
id: 3, steps per second: 0, TSTEP: 0
id: 3, CHOPCONF(): .00000000.00000001.00000000.00110011
id: 0, steps per second: 1002, TSTEP: 12138
id: 0, CHOPCONF(): .00000000.00000001.00000000.00110011
id: 1, steps per second: 0, TSTEP: 0
id: 1, CHOPCONF(): .00000000.00000001.00000000.00110011
id: 2, steps per second: 0, TSTEP: 0
id: 2, CHOPCONF(): .00000000.00000001.00000000.00110011
id: 3, steps per second: 0, TSTEP: 0
id: 3, CHOPCONF(): .00000000.00000001.00000000.00110011
id: 0, steps per second: 1002, TSTEP: 12139
id: 0, CHOPCONF(): .00000000.00000001.00000000.00110011
id: 1, steps per second: 0, TSTEP: 0
id: 1, CHOPCONF(): .00000000.00000001.00000000.00110011
id: 2, steps per second: 0, TSTEP: 0
id: 2, CHOPCONF(): .00000000.00000001.00000000.00110011
id: 3, steps per second: 0, TSTEP: 0
id: 3, CHOPCONF(): .00000000.00000001.00000000.00110011
id: 0, steps per second: 1002, TSTEP: 12139
id: 0, CHOPCONF(): .00000000.00000001.00000000.00110011
id: 1, steps per second: 0, TSTEP: 0
id: 1, CHOPCONF(): .00000000.00000001.00000000.00110011
id: 2, steps per second: 0, TSTEP: 0
id: 2, CHOPCONF(): .00000000.00000001.00000000.00110011
id: 3, steps per second: 0, TSTEP: 0
id: 3, CHOPCONF(): .00000000.00000001.00000000.00110011
id: 0, steps per second: 1003, TSTEP: 12138
id: 0, CHOPCONF(): .00000000.00000001.00000000.00110011
id: 1, steps per second: 0, TSTEP: 0
id: 1, CHOPCONF(): .00000000.00000001.00000000.00110011
id: 2, steps per second: 0, TSTEP: 0
id: 2, CHOPCONF(): .00000000.00000001.00000000.00110011
id: 3, steps per second: 0, TSTEP: 0
id: 3, CHOPCONF(): .00000000.00000001.00000000.00110011
id: 0, steps per second: 1003, TSTEP: 12140
id: 0, CHOPCONF(): .00000000.00000001.00000000.00110011
id: 1, steps per second: 0, TSTEP: 0
id: 1, CHOPCONF(): .00000000.00000001.00000000.00110011
id: 2, steps per second: 0, TSTEP: 0
id: 2, CHOPCONF(): .00000000.00000001.00000000.00110011
id: 3, steps per second: 0, TSTEP: 0
id: 3, CHOPCONF(): .00000000.00000001.00000000.00110011
id: 1, steps per second: 0, TSTEP: 0
id: 1, CHOPCONF(): .00000000.00000001.00000000.00110011
id: 2, steps per second: 0, TSTEP: 0
id: 2, CHOPCONF(): .00000000.00000001.00000000.00110011
id: 3, steps per second: 0, TSTEP: 0
id: 3, CHOPCONF(): .00000000.00000001.00000000.00110011
id: 0, steps per second: 1003, TSTEP: 12140
id: 0, CHOPCONF(): .00000000.00000001.00000000.00110011
