[CONTINUES] id: 0, steps per second: 0, RPM: 0.0000
[CONTINUES] id: 1, steps per second: 0, RPM: 0.0000
[CONTINUES] id: 2, steps per second: 0, RPM: 0.0000
[CONTINUES] id: 3, steps per second:[CONTINUES] id: 0, steps per second: 0, RPM: 0.0000
[CONTINUES] id: 1, steps per second: 0, RPM: 0.0000
[CONTINUES] id: 2, steps per second: 0, RPM: 0.0000
[CONTINUES] id: 3, steps per second: 0, RPM: 0.0000
[CONTINUES] id: 0, steps per second: 0, RPM: 0.0000
[CONTINUES] id: 1, steps per second: 0, RPM: 0.0000
[CONTINUES] id: 2, steps per second: 0, RPM: 0.0000
[CONTINUES] id: 3, steps per second: 0, RPM: 0.0000
[CONTINUES] id: 0, steps per second: 0, RPM: 0.0000
[CONTINUES] id: 1, steps per second: 0, RPM: 0.0000
[CONTINUES] id: 2, steps per second: 0, RPM: 0.0000
[CONTINUES] id: 3, steps per second: 0, RPM: 0.0000
[CONTINUES] id: 0, steps per second: 0, RPM: 0.0000
[CONTINUES] id: 1, steps per second: 0, RPM: 0.0000
[CONTINUES] id: 2, steps per second: 0, RPM: 0.0000
[CONTINUES] id: 3, steps per second: 0, RPM: 0.0000
Go 0 SpeedFac:0.001434 DistDiff:0.000000 
[CONTINUES] id: 0, steps per second: 174, RPM: 14.2458
[CONTINUES] id: 1, steps per second: 0, RPM: 0.0000
[CONTINUES] id: 2, steps per second: 0, RPM: 0.0000
[CONTINUES] id: 3, steps per second: 0, RPM: 0.0000
[CONTINUES] id: 0, steps per second: 2369, RPM: 65.4795
[CONTINUES] id: 1, steps per second: 0, RPM: 0.0000
[CONTINUES] id: 2, steps per second: 0, RPM: 0.0000
[CONTINUES] id: 3, steps per second: 0, RPM: 0.0000
[CONTINUES] id: 0, steps per second: 6699, RPM: 144.4724
[CONTINUES] id: 1, steps per second: 0, RPM: 0.0000
[CONTINUES] id: 2, steps per second: 0, RPM: 0.0000
[CONTINUES] id: 3, steps per second: 0, RPM: 0.0000
[CONTINUES] id: 0, steps per second: 13173, RPM: 243.8636
[CONTINUES] id: 1, steps per second: 0, RPM: 0.0000
[CONTINUES] id: 2, steps per second: 0, RPM: 0.0000
[CONTINUES] id: 3, steps per second: 0, RPM: 0.0000
Stopping: 0 Dist Diff: 0.0000 
Stopped 0 
[CONTINUES] id: 0, steps per second: 9079, RPM: 0.0000
[CONTINUES] id: 1, steps per second: 0, RPM: 0.0000
[CONTINUES] id: 2, steps per second: 0, RPM: 0.0000
[CONTINUES] id: 3, steps per second: 0, RPM: 0.0000
[CONTINUES] id: 0, steps per second: 0, RPM: 0.0000
[CONTINUES] id: 1, steps per second: 0, RPM: 0.0000
[CONTINUES] id: 2, steps per second: 0, RPM: 0.0000
[CONTINUES] id: 3, steps per second: 0, RPM: 0.0000
Go 0 SpeedFac:0.004456 DistDiff:0.000000 
Stopping: 0 Dist Diff: 0.0000 
Stopped 0 
[CONTINUES] id: 0, steps per second: 2927, RPM: 0.0000
[CONTINUES] id: 1, steps per second: 0, RPM: 0.0000
[CONTINUES] id: 2, steps per second: 0, RPM: 0.0000
[CONTINUES] id: 3, steps per second: 0, RPM: 0.0000
[CONTINUES] id: 0, steps per second: 0, RPM: 0.0000
[CONTINUES] id: 1, steps per second: 0, RPM: 0.0000
[CONTINUES] id: 2, steps per second: 0, RPM: 0.0000
[CONTINUES] id: 3, steps per second: 0, RPM: 0.0000
Go 0 SpeedFac:0.000473 DistDiff:0.000000 
[CONTINUES] id: 0, steps per second: 2433, RPM: 85.8045
[CONTINUES] id: 1, steps per second: 0, RPM: 0.0000
[CONTINUES] id: 2, steps per second: 0, RPM: 0.0000
[CONTINUES] id: 3, steps per second: 0, RPM: 0.0000
Stopping: 0 Dist Diff: 0.0000 
Stopped 0 
Go 0 SpeedFac:0.005524 DistDiff:0.000000 
[CONTINUES] id: 0, steps per second: 3489, RPM: 187.4479
[CONTINUES] id: 1, steps per second: 0, RPM: 0.0000
[CONTINUES] id: 2, steps per second: 0, RPM: 0.0000
[CONTINUES] id: 3, steps per second: 0, RPM: 0.0000
Stopping: 0 Dist Diff: 0.0000 
Stopped 0 
[CONTINUES] id: 0, steps per second: 8990, RPM: 0.0000
[CONTINUES] id: 1, steps per second: 0, RPM: 0.0000
[CONTINUES] id: 2, steps per second: 0, RPM: 0.0000
[CONTINUES] id: 3, steps per second: 0, RPM: 0.0000
Go 0 SpeedFac:0.000763 DistDiff:0.000000 
[CONTINUES] id: 0, steps per second: 411, RPM: 56.8368
[CONTINUES] id: 1, steps per second: 0, RPM: 0.0000
[CONTINUES] id: 2, steps per second: 0, RPM: 0.0000
[CONTINUES] id: 3, steps per second: 0, RPM: 0.0000
[CONTINUES] id: 0, steps per second: 10447, RPM: 70.0719
[CONTINUES] id: 1, steps per second: 0, RPM: 0.0000
[CONTINUES] id: 2, steps per second: 0, RPM: 0.0000
[CONTINUES] id: 3, steps per second: 0, RPM: 0.0000
Stopping: 0 Dist Diff: 0.0000 
Stopped 0 
Go 0 SpeedFac:0.017868 DistDiff:0.000000 
[CONTINUES] id: 0, steps per second: 1868, RPM: 177.1206
[CONTINUES] id: 1, steps per second: 0, RPM: 0.0000
[CONTINUES] id: 2, steps per second: 0, RPM: 0.0000
[CONTINUES] id: 3, steps per second: 0, RPM: 0.0000
Stopping: 0 Dist Diff: 0.0000 
Stopped 0 
[CONTINUES] id: 0, steps per second: 8653, RPM: 0.0000
[CONTINUES] id: 1, steps per second: 0, RPM: 0.0000
[CONTINUES] id: 2, steps per second: 0, RPM: 0.0000
[CONTINUES] id: 3, steps per second: 0, RPM: 0.0000
Go 0 SpeedFac:0.003265 DistDiff:0.000000 
[CONTINUES] id: 0, steps per second: 650, RPM: 71.7418
[CONTINUES] id: 1, steps per second: 0, RPM: 0.0000
[CONTINUES] id: 2, steps per second: 0, RPM: 0.0000
[CONTINUES] id: 3, steps per second: 0, RPM: 0.0000
[CONTINUES] id: 0, steps per second: 10917, RPM: 216.5255
[CONTINUES] id: 1, steps per second: 0, RPM: 0.0000
[CONTINUES] id: 2, steps per second: 0, RPM: 0.0000
[CONTINUES] id: 3, steps per second: 0, RPM: 0.0000
[CONTINUES] id: 0, steps per second: 16496, RPM: 275.8160
[CONTINUES] id: 1, steps per second: 0, RPM: 0.0000
[CONTINUES] id: 2, steps per second: 0, RPM: 0.0000
[CONTINUES] id: 3, steps per second: 0, RPM: 0.0000
[CONTINUES] id: 0, steps per second: 20749, RPM: 326.3722
[CONTINUES] id: 1, steps per second: 0, RPM: 0.0000
[CONTINUES] id: 2, steps per second: 0, RPM: 0.0000
[CONTINUES] id: 3, steps per second: 0, RPM: 0.0000
Stopping: 0 Dist Diff: 0.0000 
Stopped 0 
[CONTINUES] id: 0, steps per second: 3730, RPM: 0.0000
[CONTINUES] id: 1, steps per second: 0, RPM: 0.0000
[CONTINUES] id: 2, steps per second: 0, RPM: 0.0000
[CONTINUES] id: 3, steps per second: 0, RPM: 0.0000
Go 0 SpeedFac:0.009842 DistDiff:0.000000 
[CONTINUES] id: 0, steps per second: 5770, RPM: 228.8670
[CONTINUES] id: 1, steps per second: 0, RPM: 0.0000
[CONTINUES] id: 2, steps per second: 0, RPM: 0.0000
[CONTINUES] id: 3, steps per second: 0, RPM: 0.0000
[CONTINUES] id: 0, steps per second: 15137, RPM: 195.0469
[CONTINUES] id: 1, steps per second: 0, RPM: 0.0000
[CONTINUES] id: 2, steps per second: 0, RPM: 0.0000
[CONTINUES] id: 3, steps per second: 0, RPM: 0.0000
[CONTINUES] id: 0, steps per second: 12990, RPM: 195.0469
[CONTINUES] id: 1, steps per second: 0, RPM: 0.0000
[CONTINUES] id: 2, steps per second: 0, RPM: 0.0000
[CONTINUES] id: 3, steps per second: 0, RPM: 0.0000
Stopping: 0 Dist Diff: 0.0000 
Stopped 0 
[CONTINUES] id: 0, steps per second: 11652, RPM: 0.0000
[CONTINUES] id: 1, steps per second: 0, RPM: 0.0000
[CONTINUES] id: 2, steps per second: 0, RPM: 0.0000
[CONTINUES] id: 3, steps per second: 0, RPM: 0.0000
[CONTINUES] id: 0, steps per second: 0, RPM: 0.0000
[CONTINUES] id: 1, steps per second: 0, RPM: 0.0000
[CONTINUES] id: 2, steps per second: 0, RPM: 0.0000
[CONTINUES] id: 3, steps per second: 0, RPM: 0.0000
Go 0 SpeedFac:0.000473 DistDiff:0.000000 
[CONTINUES] id: 0, steps per second: 0, RPM: 0.5676
[CONTINUES] id: 1, steps per second: 0, RPM: 0.0000
[CONTINUES] id: 2, steps per second: 0, RPM: 0.0000
[CONTINUES] id: 3, steps per second: 0, RPM: 0.0000
[CONTINUES] id: 0, steps per second: 18881, RPM: 356.6949
[CONTINUES] id: 1, steps per second: 0, RPM: 0.0000
[CONTINUES] id: 2, steps per second: 0, RPM: 0.0000
[CONTINUES] id: 3, steps per second: 0, RPM: 0.0000
[CONTINUES] id: 0, steps per second: 20729, RPM: 229.2699
[CONTINUES] id: 1, steps per second: 0, RPM: 0.0000
[CONTINUES] id: 2, steps per second: 0, RPM: 0.0000
[CONTINUES] id: 3, steps per second: 0, RPM: 0.0000
[CONTINUES] id: 0, steps per second: 15273, RPM: 229.2699
[CONTINUES] id: 1, steps per second: 0, RPM: 0.0000
[CONTINUES] id: 2, steps per second: 0, RPM: 0.0000
[CONTINUES] id: 3, steps per second: 0, RPM: 0.0000
[CONTINUES] id: 0, steps per second: 8935, RPM: 76.4111
[CONTINUES] id: 1, steps per second: 0, RPM: 0.0000
[CONTINUES] id: 2, steps per second: 0, RPM: 0.0000
[CONTINUES] id: 3, steps per second: 0, RPM: 0.0000
[CONTINUES] id: 0, steps per second: 3252, RPM: 30.7805
[CONTINUES] id: 1, steps per second: 0, RPM: 0.0000
[CONTINUES] id: 2, steps per second: 0, RPM: 0.0000
[CONTINUES] id: 3, steps per second: 0, RPM: 0.0000
[CONTINUES] id: 0, steps per second: 740, RPM: 9.7414
[CONTINUES] id: 1, steps per second: 0, RPM: 0.0000
[CONTINUES] id: 2, steps per second: 0, RPM: 0.0000
[CONTINUES] id: 3, steps per second: 0, RPM: 0.0000
[CONTINUES] id: 0, steps per second: 648, RPM: 9.7414
[CONTINUES] id: 1, steps per second: 0, RPM: 0.0000
[CONTINUES] id: 2, steps per second: 0, RPM: 0.0000
[CONTINUES] id: 3, steps per second: 0, RPM: 0.0000
Stopping: 0 Dist Diff: 0.0000 
Stopped 0 
[CONTINUES] id: 0, steps per second: 564, RPM: 0.0000
[CONTINUES] id: 1, steps per second: 0, RPM: 0.0000
[CONTINUES] id: 2, steps per second: 0, RPM: 0.0000
[CONTINUES] id: 3, steps per second: 0, RPM: 0.0000
[CONTINUES] id: 0, steps per second: 0, RPM: 0.0000
[CONTINUES] id: 1, steps per second: 0, RPM: 0.0000
[CONTINUES] id: 2, steps per second: 0, RPM: 0.0000
[CONTINUES] id: 3, steps per second: 0, RPM: 0.0000
Go 0 SpeedFac:0.000473 DistDiff:0.000000 
[CONTINUES] id: 0, steps per second: 795, RPM: 73.3715
[CONTINUES] id: 1, steps per second: 0, RPM: 0.0000
[CONTINUES] id: 2, steps per second: 0, RPM: 0.0000
[CONTINUES] id: 3, steps per second: 0, RPM: 0.0000
[CONTINUES] id: 0, steps per second: 7012, RPM: 143.7766
[CONTINUES] id: 1, steps per second: 0, RPM: 0.0000
[CONTINUES] id: 2, steps per second: 0, RPM: 0.0000
[CONTINUES] id: 3, steps per second: 0, RPM: 0.0000
[CONTINUES] id: 0, steps per second: 10797, RPM: 166.4454
[CONTINUES] id: 1, steps per second: 0, RPM: 0.0000
[CONTINUES] id: 2, steps per second: 0, RPM: 0.0000
[CONTINUES] id: 3, steps per second: 0, RPM: 0.0000
Stopping: 0 Dist Diff: 0.0000 
Stopped 0 
[CONTINUES] id: 0, steps per second: 8839, RPM: 0.0000
[CONTINUES] id: 1, steps per second: 0, RPM: 0.0000
[CONTINUES] id: 2, steps per second: 0, RPM: 0.0000
[CONTINUES] id: 3, steps per second: 0, RPM: 0.0000
[CONTINUES] id: 0, steps per second: 0, RPM: 0.0000
[CONTINUES] id: 1, steps per second: 0, RPM: 0.0000
[CONTINUES] id: 2, steps per second: 0, RPM: 0.0000
[CONTINUES] id: 3, steps per second: 0, RPM: 0.0000
Go 0 SpeedFac:0.004730 DistDiff:0.000000 
[CONTINUES] id: 0, steps per second: 5883, RPM: 122.7008
[CONTINUES] id: 1, steps per second: 0, RPM: 0.0000
[CONTINUES] id: 2, steps per second: 0, RPM: 0.0000
[CONTINUES] id: 3, steps per second: 0, RPM: 0.0000
Stopping: 0 Dist Diff: 0.0000 
Stopped 0 
[CONTINUES] id: 0, steps per second: 2971, RPM: 0.0000
[CONTINUES] id: 1, steps per second: 0, RPM: 0.0000
[CONTINUES] id: 2, steps per second: 0, RPM: 0.0000
[CONTINUES] id: 3, steps per second: 0, RPM: 0.0000
[CONTINUES] id: 0, steps per second: 0, RPM: 0.0000
[CONTINUES] id: 1, steps per second: 0, RPM: 0.0000
[CONTINUES] id: 2, steps per second: 0, RPM: 0.0000
[CONTINUES] id: 3, steps per second: 0, RPM: 0.0000
[CONTINUES] id: 0, steps per second: 0, RPM: 0.0000
[CONTINUES] id: 1, steps per second: 0, RPM: 0.0000
[CONTINUES] id: 2, steps per second: 0, RPM: 0.0000
[CONTINUES] id: 3, steps per second: 0, RPM: 0.0000
