Stopping: 0 Dist Diff: 0.0000 
Stopping: 1 Dist Diff: 0.0000 
Stopping: 2 Dist Diff: 0.0000 
Stopping: 3 Dist Diff: 0.0000 
Stopped 0 
Id: 0 LOST STEPS:0
id: 0, adr: 111, cs_a: 0, fsact: 0, ola: 0, olb 0, ot: 0, otpw: 0, s2ga: 0, s2gb: 0, sg_res: 54, sr: -2147483594, stall: 0, stst: 1
Stopped 1 
Id: 1 LOST STEPS:0
id: 1, adr: 111, cs_a: 0, fsact: 0, ola: 0, olb 0, ot: 0, otpw: 0, s2ga: 0, s2gb: 0, sg_res: 50, sr: -2147483598, stall: 0, stst: 1
Stopped 2 
Id: 2 LOST STEPS:0
id: 2, adr: 111, cs_a: 0, fsact: 0, ola: 0, olb 0, ot: 0, otpw: 0, s2ga: 0, s2gb: 0, sg_res: 57, sr: -2147483591, stall: 0, stst: 1
Stopped 3 
Id: 3 LOST STEPS:0
Go 0 SpeedFac:0.002720 DistDiff:-168.000000 
Stopping: 0 Dist Diff: -0.1250 
Stopped 0 
Id: 0 LOST STEPS:0
id: 0, adr: 111, cs_a: 25, fsact: 0, ola: 0, olb 0, ot: 0, otpw: 0, s2ga: 0, s2gb: 0, sg_res: 0, sr: 1638400, stall: 0, stst: 0
Go 0 SpeedFac:-0.002752 DistDiff:167.875000 
Go 1 SpeedFac:0.003120 DistDiff:-168.000000 
Stopping: 0 Dist Diff: 0.1250 
Stopping: 1 Dist Diff: -0.1250 
Stopped 0 
Id: 0 LOST STEPS:0
id: 0, adr: 111, cs_a: 25, fsact: 0, ola: 0, olb 0, ot: 0, otpw: 0, s2ga: 0, s2gb: 0, sg_res: 0, sr: 1638400, stall: 0, stst: 0
Stopped 1 
Id: 1 LOST STEPS:0
id: 1, adr: 111, cs_a: 25, fsact: 0, ola: 0, olb 0, ot: 0, otpw: 0, s2ga: 0, s2gb: 0, sg_res: 0, sr: 1638400, stall: 0, stst: 0
Go 0 SpeedFac:0.002776 DistDiff:-167.875000 
Go 1 SpeedFac:-0.003144 DistDiff:167.875000 
Stopping: 1 Dist Diff: 0.1250 
Stopping: 0 Dist Diff: -0.1125 
Stopped 1 
Id: 1 LOST STEPS:0
id: 1, adr: 111, cs_a: 25, fsact: 0, ola: 0, olb 0, ot: 0, otpw: 0, s2ga: 0, s2gb: 0, sg_res: 0, sr: 1638400, stall: 0, stst: 0
Stopped 0 
Id: 0 LOST STEPS:0
id: 0, adr: 111, cs_a: 25, fsact: 0, ola: 0, olb 0, ot: 0, otpw: 0, s2ga: 0, s2gb: 0, sg_res: 0, sr: 1638400, stall: 0, stst: 0
Go 0 SpeedFac:-0.002776 DistDiff:167.887500 
Go 1 SpeedFac:0.003136 DistDiff:-167.887500 
Stopping: 0 Dist Diff: 0.1375 
Stopped 0 
Id: 0 LOST STEPS:0
id: 0, adr: 111, cs_a: 25, fsact: 0, ola: 0, olb 0, ot: 0, otpw: 0, s2ga: 0, s2gb: 0, sg_res: 0, sr: 1638400, stall: 0, stst: 0
Stopping: 1 Dist Diff: -0.1000 
Stopped 1 
Id: 1 LOST STEPS:0
id: 1, adr: 111, cs_a: 25, fsact: 0, ola: 0, olb 0, ot: 0, otpw: 0, s2ga: 0, s2gb: 0, sg_res: 0, sr: 1638400, stall: 0, stst: 0
Go 1 SpeedFac:-0.002788 DistDiff:167.900000 
Go 2 SpeedFac:0.003132 DistDiff:-168.000000 
Stopping: 2 Dist Diff: -0.1125 
Stopping: 1 Dist Diff: 0.1125 
Stopped 2 
Id: 2 LOST STEPS:0
id: 2, adr: 111, cs_a: 25, fsact: 0, ola: 0, olb 0, ot: 0, otpw: 0, s2ga: 0, s2gb: 0, sg_res: 0, sr: 1638400, stall: 0, stst: 0
Stopped 1 
Id: 1 LOST STEPS:0
id: 1, adr: 111, cs_a: 25, fsact: 0, ola: 0, olb 0, ot: 0, otpw: 0, s2ga: 0, s2gb: 0, sg_res: 0, sr: 1638400, stall: 0, stst: 0
Go 2 SpeedFac:-0.002812 DistDiff:167.887500 
Go 3 SpeedFac:0.003164 DistDiff:-168.000000 
Stopping: 3 Dist Diff: -0.1250 
Stopping: 2 Dist Diff: 0.1250 
Stopped 3 
Id: 3 LOST STEPS:0
id: 3, adr: 111, cs_a: 25, fsact: 0, ola: 0, olb 0, ot: 0, otpw: 0, s2ga: 0, s2gb: 0, sg_res: 0, sr: 1638400, stall: 0, stst: 0
Stopped 2 
Id: 2 LOST STEPS:0
id: 2, adr: 111, cs_a: 25, fsact: 0, ola: 0, olb 0, ot: 0, otpw: 0, s2ga: 0, s2gb: 0, sg_res: 0, sr: 1638400, stall: 0, stst: 0
Go 2 SpeedFac:0.002828 DistDiff:-167.875000 
Go 3 SpeedFac:-0.003192 DistDiff:167.875000 
Stopping: 3 Dist Diff: 0.1125 
Stopping: 2 Dist Diff: -0.1250 
Stopped 3 
Id: 3 LOST STEPS:0
id: 3, adr: 111, cs_a: 25, fsact: 0, ola: 0, olb 0, ot: 0, otpw: 0, s2ga: 0, s2gb: 0, sg_res: 0, sr: 1638400, stall: 0, stst: 0
Stopped 2 
Id: 2 LOST STEPS:0
id: 2, adr: 111, cs_a: 25, fsact: 0, ola: 0, olb 0, ot: 0, otpw: 0, s2ga: 0, s2gb: 0, sg_res: 0, sr: 1638400, stall: 0, stst: 0
Go 1 SpeedFac:0.002832 DistDiff:-167.887500 
Go 2 SpeedFac:-0.003192 DistDiff:167.875000 
Stopping: 2 Dist Diff: 0.1125 
Stopping: 1 Dist Diff: -0.1125 
Stopped 2 
Id: 2 LOST STEPS:0
id: 2, adr: 111, cs_a: 25, fsact: 0, ola: 0, olb 0, ot: 0, otpw: 0, s2ga: 0, s2gb: 0, sg_res: 0, sr: 1638400, stall: 0, stst: 0
Stopped 1 
Id: 1 LOST STEPS:0
id: 1, adr: 111, cs_a: 25, fsact: 0, ola: 0, olb 0, ot: 0, otpw: 0, s2ga: 0, s2gb: 0, sg_res: 0, sr: 1638400, stall: 0, stst: 0
Go 0 SpeedFac:0.002820 DistDiff:-167.862500 
Go 1 SpeedFac:-0.003188 DistDiff:167.887500 
Stopping: 1 Dist Diff: 0.1125 
Stopping: 0 Dist Diff: -0.1125 
Stopped 1 
Id: 1 LOST STEPS:0
id: 1, adr: 111, cs_a: 25, fsact: 0, ola: 0, olb 0, ot: 0, otpw: 0, s2ga: 0, s2gb: 0, sg_res: 0, sr: 1638400, stall: 0, stst: 0
Stopped 0 
Id: 0 LOST STEPS:0
id: 0, adr: 111, cs_a: 25, fsact: 0, ola: 0, olb 0, ot: 0, otpw: 0, s2ga: 0, s2gb: 0, sg_res: 0, sr: 1638400, stall: 0, stst: 0
Go 0 SpeedFac:-0.002816 DistDiff:167.887500 
Stopping: 0 Dist Diff: 0.1250 
Stopped 0 
Id: 0 LOST STEPS:0
id: 0, adr: 111, cs_a: 25, fsact: 0, ola: 0, olb 0, ot: 0, otpw: 0, s2ga: 0, s2gb: 0, sg_res: 0, sr: 1638400, stall: 0, stst: 0
