Stopping: 0 Dist Diff: 0.0000 
Stopping: 1 Dist Diff: 0.0000 
Stopping: 2 Dist Diff: 0.0000 
Stopping: 3 Dist Diff: 0.0000 
Stopped 0 
Stopped 1 
Stopped 2 
Stopped 3 
Go 0 SpeedFac:0.002724 DistDiff:-168.000000 
Go 1 SpeedFac:0.003116 DistDiff:-168.000000 
Go 2 SpeedFac:0.003472 DistDiff:-168.000000 
Go 3 SpeedFac:0.003844 DistDiff:-168.000000 
Stopping: 0 Dist Diff: -0.1375 
Stopping: 1 Dist Diff: -0.1375 
Stopping: 2 Dist Diff: -0.1375 
Still Stopping 0 
Still Stopping 1 
Still Stopping 2 
Stopping: 3 Dist Diff: -0.1250 
Still Stopping 0 
Still Stopping 1 
Still Stopping 2 
Still Stopping 3 
Still Stopping 0 
Still Stopping 1 
Still Stopping 2 
Still Stopping 3 
Stopped 0 
Stopped 1 
Stopped 2 
Stopped 3 
Go 0 SpeedFac:-0.002828 DistDiff:167.887500 
Go 1 SpeedFac:-0.003180 DistDiff:167.887500 
Go 2 SpeedFac:-0.003520 DistDiff:167.875000 
Go 3 SpeedFac:-0.003868 DistDiff:167.887500 
Stopping: 0 Dist Diff: 0.1375 
Stopping: 2 Dist Diff: 0.1375 
Stopping: 3 Dist Diff: 0.1375 
Still Stopping 0 
Stopping: 1 Dist Diff: 0.1250 
Still Stopping 2 
Still Stopping 3 
Still Stopping 0 
Still Stopping 1 
Still Stopping 2 
Still Stopping 3 
Still Stopping 0 
Still Stopping 1 
Still Stopping 2 
Still Stopping 3 
Stopped 0 
Stopped 1 
Stopped 2 
Stopped 3 
Go 0 SpeedFac:0.002804 DistDiff:-167.887500 
Go 1 SpeedFac:0.003172 DistDiff:-167.887500 
Go 2 SpeedFac:0.003516 DistDiff:-167.887500 
Go 3 SpeedFac:0.003872 DistDiff:-167.875000 
Stopping: 0 Dist Diff: -0.1375 
Stopping: 1 Dist Diff: -0.1375 
Stopping: 2 Dist Diff: -0.1375 
Still Stopping 0 
Still Stopping 1 
Still Stopping 2 
Stopping: 3 Dist Diff: -0.1375 
Still Stopping 0 
Still Stopping 1 
Still Stopping 2 
Still Stopping 3 
Still Stopping 0 
Still Stopping 1 
Still Stopping 2 
Still Stopping 3 
Stopped 0 
Still Stopping 1 
Still Stopping 2 
Still Stopping 3 
Stopped 1 
Stopped 2 
Stopped 3 
Go 0 SpeedFac:-0.002816 DistDiff:167.887500 
Go 1 SpeedFac:-0.003172 DistDiff:167.887500 
Go 2 SpeedFac:-0.003512 DistDiff:167.887500 
Go 3 SpeedFac:-0.003860 DistDiff:167.887500 
Stopping: 0 Dist Diff: 0.1375 
Still Stopping 0 
Stopping: 2 Dist Diff: 0.1375 
Stopping: 3 Dist Diff: 0.1375 
Still Stopping 0 
Stopping: 1 Dist Diff: 0.1250 
Still Stopping 2 
Still Stopping 3 
Still Stopping 0 
Still Stopping 1 
Still Stopping 2 
Still Stopping 3 
Stopped 0 
Stopped 1 
Still Stopping 2 
Still Stopping 3 
Stopped 2 
Stopped 3 
Go 0 SpeedFac:0.002808 DistDiff:-167.887500 
Go 1 SpeedFac:0.003168 DistDiff:-167.887500 
Go 2 SpeedFac:0.003516 DistDiff:-167.887500 
Go 3 SpeedFac:0.003876 DistDiff:-167.887500 
Stopping: 0 Dist Diff: -0.1250 
Still Stopping 0 
Still Stopping 0 
Stopping: 1 Dist Diff: -0.1250 
Stopping: 2 Dist Diff: -0.1375 
Stopping: 3 Dist Diff: -0.1250 
Still Stopping 0 
Still Stopping 1 
Still Stopping 2 
Still Stopping 3 
Still Stopping 0 
Still Stopping 1 
Still Stopping 2 
Still Stopping 3 
Stopped 0 
Stopped 1 
Stopped 2 
Stopped 3 
Go 0 SpeedFac:-0.002824 DistDiff:167.900000 
Go 1 SpeedFac:-0.003168 DistDiff:167.900000 
Go 2 SpeedFac:-0.003500 DistDiff:167.887500 
Go 3 SpeedFac:-0.003848 DistDiff:167.900000 
Stopping: 0 Dist Diff: 0.1375 
Stopping: 2 Dist Diff: 0.1375 
Stopping: 3 Dist Diff: 0.1250 
Still Stopping 0 
Stopping: 1 Dist Diff: 0.1125 
Still Stopping 2 
Still Stopping 3 
Still Stopping 0 
Still Stopping 1 
Still Stopping 2 
Still Stopping 3 
Stopped 0 
Still Stopping 1 
Still Stopping 2 
Still Stopping 3 
Stopped 1 
Stopped 2 
Stopped 3 
Go 0 SpeedFac:0.002804 DistDiff:-167.887500 
Go 1 SpeedFac:0.003160 DistDiff:-167.900000 
Go 2 SpeedFac:0.003504 DistDiff:-167.875000 
Go 3 SpeedFac:0.003856 DistDiff:-167.900000 
