Stopping: 0 Dist Diff: 0.0000 
Stopping: 1 Dist Diff: 0.0000 
Stopping: 2 Dist Diff: 0.0000 
Stopping: 3 Dist Diff: 0.0000 
Stopped 0 
Id: 0 LOST STEPS:0
id: 0, adr: 111, cs_a: 0, fsact: 0, ola: 0, olb , ot: 0, otpw: 0, s2ga: 0, s2gb: 0, sg_res: 0, sr: 53, stall: -2147483595, stst: 0
Stopped 1 
Id: 1 LOST STEPS:0
id: 1, adr: 111, cs_a: 0, fsact: 0, ola: 0, olb , ot: 0, otpw: 0, s2ga: 0, s2gb: 0, sg_res: 0, sr: 52, stall: -2147483596, stst: 0
Stopped 2 
Id: 2 LOST STEPS:0
id: 2, adr: 111, cs_a: 0, fsact: 0, ola: 0, olb , ot: 0, otpw: 0, s2ga: 0, s2gb: 0, sg_res: 0, sr: 53, stall: -2147483595, stst: 0
Stopped 3 
Id: 3 LOST STEPS:0
id:Go 0 SpeedFac:0.002716 DistDiff:-168.000000 
Go 1 SpeedFac:0.002520 DistDiff:-168.000000 
Stopping: 0 Dist Diff: -0.1250 
Stopped 0 
Id: 0 LOST STEPS:0
id: 0, adr: 111, cs_a: 25, fsact: 0, ola: 0, olb , ot: 0, otpw: 0, s2ga: 0, s2gb: 0, sg_res: 0, sr: 0, stall: 1638400, stst: 0
Stopping: 1 Dist Diff: -139.6000 
Stopped 1 
Id: 1 LOST STEPS:0
id: 1, adr: 111, cs_a: 25, fsact: 0, ola: 1, olb , ot: 1, otpw: 0, s2ga: 0, s2gb: 1, sg_res: 0, sr: 0, stall: 1746468864, stst: 0
Go 1 SpeedFac:0.007968 DistDiff:-139.562500 
Stopping: 1 Dist Diff: -0.1250 
Stopped 1 
Id: 1 LOST STEPS:0
id: 1, adr: 111, cs_a: 25, fsact: 0, ola: 1, olb , ot: 1, otpw: 0, s2ga: 0, s2gb: 1, sg_res: 0, sr: 0, stall: 1746468864, stst: 0
