Stopped 0 
Stopped 1 
Stopped 2 
Stopped 3 
Go 0 SpeedFac:0.00 
Go 1 SpeedFac:0.00 
Go 2 SpeedFac:0.00 
Go 3 SpeedFac:0.00 
Stopping: 1 Dist Diff: -0.1375 
Stopping: 2 Dist Diff: -0.1375 
Stopping: 3 Dist Diff: -0.1375 
Stopping: 0 Dist Diff: -0.1250 
Still Stopping 1 
Still Stopping 2 
Still Stopping 3 
Still Stopping 0 
Still Stopping 1 
Still Stopping 2 
Still Stopping 3 
Still Stopping 0 
Still Stopping 1 
Still Stopping 2 
Still Stopping 3 
Stopped 0 
Stopped 1 
Stopped 2 
Stopped 3 
Go 0 SpeedFac:-0.00 
Go 1 SpeedFac:-0.00 
Go 2 SpeedFac:-0.00 
Go 3 SpeedFac:-0.00 
Stopping: 2 Dist Diff: 0.1375 
Stopping: 3 Dist Diff: 0.1375 
Stopping: 0 Dist Diff: 0.1250 
Stopping: 1 Dist Diff: 0.1250 
Still Stopping 2 
Still Stopping 3 
Still Stopping 0 
Still Stopping 1 
Still Stopping 2 
Still Stopping 3 
Still Stopping 0 
Still Stopping 1 
Still Stopping 2 
Still Stopping 3 
Stopped 0 
Stopped 1 
Still Stopping 2 
Still Stopping 3 
Stopped 2 
Stopped 3 
Go 0 SpeedFac:0.00 
Go 1 SpeedFac:0.00 
Go 2 SpeedFac:0.00 
Go 3 SpeedFac:0.00 
Stopping: 0 Dist Diff: -0.1500 
Still Stopping 0 
Stopping: 1 Dist Diff: -0.1375 
Stopping: 2 Dist Diff: -0.1375 
Still Stopping 0 
Still Stopping 1 
Still Stopping 2 
Stopping: 3 Dist Diff: -0.1375 
Still Stopping 0 
Still Stopping 1 
Still Stopping 2 
Still Stopping 3 
Still Stopping 0 
Still Stopping 1 
Still Stopping 2 
Still Stopping 3 
Stopped 0 
Stopped 1 
Stopped 2 
Stopped 3 
Go 0 SpeedFac:-0.00 
Go 1 SpeedFac:-0.00 
Go 2 SpeedFac:-0.00 
Go 3 SpeedFac:-0.00 
