Stopping: 0 Dist Diff: 0.0000 
Stopping: 1 Dist Diff: 0.0000 
Stopping: 2 Dist Diff: 0.0000 
Stopping: 3 Dist Diff: 0.0000 
Stopped 0 
Id: 0 LOST STEPS:0
id: 0, sr: .10000000.00000000.00000000.00110111
id: 0, adr: 111, cs_a: 0, fsact: 0, ola: 0, olb 0, ot: 0, otpw: 0, s2ga: 0, s2gb: 0, sg_res: 55, sr: -2147483593, stall: 0, stst: 1
Stopped 1 
Id: 1 LOST STEPS:0
id: 1, sr: .10000000.00000000.00000000.00110100
id: 1, adr: 111, cs_a: 0, fsact: 0, ola: 0, olb 0, ot: 0, otpw: 0, s2ga: 0, s2gb: 0, sg_res: 52, sr: -2147483596, stall: 0, stst: 1
Stopped 2 
Id: 2 LOST STEPS:0
id: 2, sr: .10000000.00000000.00000000.00100101
id: 2, adr: 111, cs_a: 0, fsact: 0, ola: 0, olb 0, ot: 0, otpw: 0, s2ga: 0, s2gb: 0, sg_res: 37, sr: -2147483611, stall: 0, stst: 1
Stopped 3 
Id: 3 LOST STEPS:0
id: 3, sr: .10000000.00000000.00000000.00101111
id: 3, adr: 111, cs_a: 0, fsact: 0, ola: 0, olb 0, ot: 0, otpw: 0, s2ga: 0, s2gb: 0, sg_res: 47, sr: -2147483601, stall: 0, stst: 1
Go 0 SpeedFac:0.002712 DistDiff:-168.000000 
Stopping: 0 Dist Diff: 0.1281 
Stopped 0 
Id: 0 LOST STEPS:0
id: 0, sr: .01101000.00010001.00000000.00000000
id: 0, adr: 111, cs_a: 17, fsact: 0, ola: 1, olb 1, ot: 0, otpw: 0, s2ga: 1, s2gb: 0, sg_res: 0, sr: 1745944576, stall: 0, stst: 0
Go 0 SpeedFac:-0.002744 DistDiff:168.175000 
Go 1 SpeedFac:0.003104 DistDiff:-168.000000 
Emergency Stop 0Stopping: 0 Dist Diff: -0.0156 
Stopping: 1 Dist Diff: 0.2250 
Stopped 0 
Id: 0 LOST STEPS:0
id: 0, sr: .01101000.00010001.00000000.00000000
id: 0, adr: 111, cs_a: 17, fsact: 0, ola: 1, olb 1, ot: 0, otpw: 0, s2ga: 1, s2gb: 0, sg_res: 0, sr: 1745944576, stall: 0, stst: 0
Stopped 1 
Id: 1 LOST STEPS:0
id: 1, sr: .01100000.00010001.00000000.00000000
id: 1, adr: 111, cs_a: 17, fsact: 0, ola: 1, olb 1, ot: 0, otpw: 0, s2ga: 0, s2gb: 0, sg_res: 0, sr: 1611726848, stall: 0, stst: 0
Go 1 SpeedFac:-0.000045 DistDiff:0.275000 
Stopping: 1 Dist Diff: 0.1625 
Stopped 1 
Id: 1 LOST STEPS:0
id: 1, sr: .01100000.00010001.00000000.00000000
id: 1, adr: 111, cs_a: 17, fsact: 0, ola: 1, olb 1, ot: 0, otpw: 0, s2ga: 0, s2gb: 0, sg_res: 0, sr: 1611726848, stall: 0, stst: 0
Go 1 SpeedFac:-0.002768 DistDiff:168.162500 
Emergency Stop 1Stopping: 1 Dist Diff: -0.2031 
Stopped 1 
Id: 1 LOST STEPS:0
id: 1, sr: .00000000.00010001.00000000.00000000
id: 1, adr: 111, cs_a: 17, fsact: 0, ola: 0, olb 0, ot: 0, otpw: 0, s2ga: 0, s2gb: 0, sg_res: 0, sr: 1114112, stall: 0, stst: 0
Go 1 SpeedFac:0.000025 DistDiff:-0.253125 
Stopping: 1 Dist Diff: -0.1500 
Stopped 1 
Id: 1 LOST STEPS:0
id: 1, sr: .00000000.00010001.00000000.00000000
id: 1, adr: 111, cs_a: 17, fsact: 0, ola: 0, olb 0, ot: 0, otpw: 0, s2ga: 0, s2gb: 0, sg_res: 0, sr: 1114112, stall: 0, stst: 0
