Stopping: 0 Dist Diff: 0.0000 
Stopping: 1 Dist Diff: 0.0000 
Stopping: 2 Dist Diff: 0.0000 
Stopping: 3 Dist Diff: 0.0000 
Stopped 0 
Id: 0 LOST STEPS:0
Stopped 1 
Id: 1 LOST STEPS:0
Stopped 2 
Id: 2 LOST STEPS:0
Stopped 3 
Id: 3 LOST STEPS:0
Go 0 SpeedFac:0.002720 DistDiff:-168.000000 
Go 1 SpeedFac:0.002564 DistDiff:-168.000000 
Stopping: 0 Dist Diff: -0.1250 
Stopped 0 
Id: 0 LOST STEPS:0
Stopping: 1 Dist Diff: -0.1125 
Stopped 1 
Id: 1 LOST STEPS:0
Go 2 SpeedFac:0.002784 DistDiff:-168.000000 
Go 3 SpeedFac:0.002644 DistDiff:-168.000000 
Stopping: 2 Dist Diff: -0.1250 
Stopped 2 
Id: 2 LOST STEPS:0
Stopping: 3 Dist Diff: -0.1250 
Stopped 3 
Id: 3 LOST STEPS:0
Go 0 SpeedFac:-0.002852 DistDiff:167.875000 
Go 1 SpeedFac:-0.003208 DistDiff:167.887500 
Go 2 SpeedFac:-0.003552 DistDiff:167.887500 
Go 3 SpeedFac:-0.003916 DistDiff:167.875000 
Stopping: 0 Dist Diff: 0.1125 
Stopping: 1 Dist Diff: 0.1250 
Stopping: 2 Dist Diff: 0.1125 
Stopping: 3 Dist Diff: 0.1125 
Stopped 0 
Id: 0 LOST STEPS:0
Stopped 1 
Id: 1 LOST STEPS:0
Stopped 2 
Id: 2 LOST STEPS:0
id: 3, tick loop timer protection! to long! time: 3747 
Stopped 3 
Id: 3 LOST STEPS:0
id: 0, tick loop timer protection! to long! time: 4500 
id: 1, tick loop timer protection! to long! time: 3449 
