Stopping: 0 Dist Diff: 0.0000 
Stopping: 1 Dist Diff: 0.0000 
Stopping: 2 Dist Diff: 0.0000 
Stopping: 3 Dist Diff: 0.0000 
Stopped 0 
Id: 0 LOST STEPS:0
id: 0, sr: 10000000000000000000000000110010
id: 0, adr: 111, cs_a: 0, fsact: 0, ola: 0, olb 0, ot: 0, otpw: 0, s2ga: 0, s2gb: 0, sg_res: 50, sr: -2147483598, stall: 0, stst: 1
Stopped 1 
Id: 1 LOST STEPS:0
id: 1, sr: 10000000000000000000000001001010
id: 1, adr: 111, cs_a: 0, fsact: 0, ola: 0, olb 0, ot: 0, otpw: 0, s2ga: 0, s2gb: 0, sg_res: 74, sr: -2147483574, stall: 0, stst: 1
Stopped 2 
Id: 2 LOST STEPS:0
id: 2, sr: 10000000000000000000000000110101
id: 2, adr: 111, cs_a: 0, fsact: 0, ola: 0, olb 0, ot: 0, otpw: 0, s2ga: 0, s2gb: 0, sg_res: 53, sr: -2147483595, stall: 0, stst: 1
Stopped 3 
Id: 3 LOST STEPS:0
id: 3, sr: 10000000000000000000000000101110
id: 3, adr: 111, cs_a: 0, fsact: 0, ola: 0, olb 0, ot: 0, otpw: 0, s2ga: 0, s2gb: 0, sg_res: 46, sr: -2147483602, stall: 0, stst: 1
Go 0 SpeedFac:0.002724 DistDiff:-168.000000 
Stopping: 0 Dist Diff: -0.1000 
Stopped 0 
Id: 0 LOST STEPS:0
id: 0, sr: 00000000000110010000000000000000
id: 0, adr: 111, cs_a: 25, fsact: 0, ola: 0, olb 0, ot: 0, otpw: 0, s2ga: 0, s2gb: 0, sg_res: 0, sr: 1638400, stall: 0, stst: 0
Go 0 SpeedFac:-0.002744 DistDiff:167.900000 
Stopping: 0 Dist Diff: 0.1250 
Stopped 0 
Id: 0 LOST STEPS:0
id: 0, sr: 00000000000110010000000000000000
id: 0, adr: 111, cs_a: 25, fsact: 0, ola: 0, olb 0, ot: 0, otpw: 0, s2ga: 0, s2gb: 0, sg_res: 0, sr: 1638400, stall: 0, stst: 0
