Stopping: 0 Dist Diff: 0.0000 
Stopping: 1 Dist Diff: 0.0000 
Stopping: 2 Dist Diff: 0.0000 
Stopping: 3 Dist Diff: 0.0000 
Stopped 0 
Id: 0 LOST STEPS:0
id: 0, sr: 00110000
id: 0, adr: 111, cs_a: 0, fsact: 0, ola: 0, olb 0, ot: 0, otpw: 0, s2ga: 0, s2gb: 0, sg_res: 48, sr: -2147483600, stall: 0, stst: 1
Stopped 1 
Id: 1 LOST STEPS:0
id: 1, sr: 00101111
id: 1, adr: 111, cs_a: 0, fsact: 0, ola: 0, olb 0, ot: 0, otpw: 0, s2ga: 0, s2gb: 0, sg_res: 47, sr: -2147483601, stall: 0, stst: 1
Stopped 2 
Id: 2 LOST STEPS:0
id: 2, sr: 00101111
id: 2, adr: 111, cs_a: 0, fsact: 0, ola: 0, olb 0, ot: 0, otpw: 0, s2ga: 0, s2gb: 0, sg_res: 47, sr: -2147483601, stall: 0, stst: 1
Stopped 3 
Id: 3 LOST STEPS:0
id: 3, sr: 00101111
id: 3, adr: 111, cs_a: 0, fsact: 0, ola: 0, olb 0, ot: 0, otpw: 0, s2ga: 0, s2gb: 0, sg_res: 47, sr: -2147483601, stall: 0, stst: 1
Go 0 SpeedFac:0.002716 DistDiff:-168.000000 
Stopping: 0 Dist Diff: -0.1250 
Stopped 0 
Id: 0 LOST STEPS:0
id: 0, sr: 00000000
id: 0, adr: 111, cs_a: 25, fsact: 0, ola: 0, olb 0, ot: 0, otpw: 0, s2ga: 0, s2gb: 0, sg_res: 0, sr: 1638400, stall: 0, stst: 0
Go 0 SpeedFac:-0.002752 DistDiff:167.875000 
Go 1 SpeedFac:0.003116 DistDiff:-168.000000 
Stopping: 0 Dist Diff: 0.1000 
Stopped 0 
Id: 0 LOST STEPS:0
id: 0, sr: 00000000
id: 0, adr: 111, cs_a: 25, fsact: 0, ola: 0, olb 0, ot: 0, otpw: 0, s2ga: 0, s2gb: 0, sg_res: 0, sr: 1638400, stall: 0, stst: 0
Stopping: 1 Dist Diff: -0.1250 
Stopped 1 
Id: 1 LOST STEPS:0
id: 1, sr: 00000000
id: 1, adr: 111, cs_a: 25, fsact: 0, ola: 0, olb 0, ot: 0, otpw: 0, s2ga: 0, s2gb: 0, sg_res: 0, sr: 1638400, stall: 0, stst: 0
Go 1 SpeedFac:-0.002788 DistDiff:167.875000 
Go 2 SpeedFac:0.003140 DistDiff:-168.000000 
Stopping: 1 Dist Diff: 0.1000 
Stopping: 2 Dist Diff: -0.1000 
Stopped 1 
Id: 1 LOST STEPS:0
id: 1, sr: 00000000
id: 1, adr: 111, cs_a: 25, fsact: 0, ola: 0, olb 0, ot: 0, otpw: 0, s2ga: 0, s2gb: 0, sg_res: 0, sr: 1638400, stall: 0, stst: 0
Stopped 2 
Id: 2 LOST STEPS:0
id: 2, sr: 00000000
id: 2, adr: 111, cs_a: 25, fsact: 0, ola: 0, olb 0, ot: 0, otpw: 0, s2ga: 0, s2gb: 0, sg_res: 0, sr: 1638400, stall: 0, stst: 0
Go 2 SpeedFac:-0.002800 DistDiff:167.900000 
Go 3 SpeedFac:0.003144 DistDiff:-168.000000 
Stopping: 2 Dist Diff: 0.1250 
Stopped 2 
Id: 2 LOST STEPS:0
id: 2, sr: 00000000
id: 2, adr: 111, cs_a: 25, fsact: 0, ola: 0, olb 0, ot: 0, otpw: 0, s2ga: 0, s2gb: 0, sg_res: 0, sr: 1638400, stall: 0, stst: 0
Stopping: 3 Dist Diff: -0.1250 
Stopped 3 
Id: 3 LOST STEPS:0
id: 3, sr: 00000000
id: 3, adr: 111, cs_a: 25, fsact: 0, ola: 0, olb 0, ot: 0, otpw: 0, s2ga: 0, s2gb: 0, sg_res: 0, sr: 1638400, stall: 0, stst: 0
Go 2 SpeedFac:0.002828 DistDiff:-167.875000 
Go 3 SpeedFac:-0.003184 DistDiff:167.875000 
Stopping: 2 Dist Diff: -0.1250 
Stopping: 3 Dist Diff: 0.1250 
Stopped 2 
Id: 2 LOST STEPS:0
id: 2, sr: 00000000
id: 2, adr: 111, cs_a: 25, fsact: 0, ola: 0, olb 0, ot: 0, otpw: 0, s2ga: 0, s2gb: 0, sg_res: 0, sr: 1638400, stall: 0, stst: 0
Stopped 3 
Id: 3 LOST STEPS:0
id: 3, sr: 00000000
id: 3, adr: 111, cs_a: 25, fsact: 0, ola: 0, olb 0, ot: 0, otpw: 0, s2ga: 0, s2gb: 0, sg_res: 0, sr: 1638400, stall: 0, stst: 0
Go 1 SpeedFac:0.002824 DistDiff:-167.900000 
Go 2 SpeedFac:-0.003176 DistDiff:167.875000 
Stopping: 1 Dist Diff: -0.1250 
Stopping: 2 Dist Diff: 0.1000 
Stopped 1 
Id: 1 LOST STEPS:0
id: 1, sr: 00000000
id: 1, adr: 111, cs_a: 25, fsact: 0, ola: 0, olb 0, ot: 0, otpw: 0, s2ga: 0, s2gb: 0, sg_res: 0, sr: 1638400, stall: 0, stst: 0
Stopped 2 
Id: 2 LOST STEPS:0
id: 2, sr: 00000000
id: 2, adr: 111, cs_a: 25, fsact: 0, ola: 0, olb 0, ot: 0, otpw: 0, s2ga: 0, s2gb: 0, sg_res: 0, sr: 1638400, stall: 0, stst: 0
Go 0 SpeedFac:0.002808 DistDiff:-167.900000 
Go 1 SpeedFac:-0.003164 DistDiff:167.875000 
Stopping: 0 Dist Diff: -0.1250 
Stopped 0 
Id: 0 LOST STEPS:0
id: 0, sr: 00000000
id: 0, adr: 111, cs_a: 25, fsact: 0, ola: 0, olb 0, ot: 0, otpw: 0, s2ga: 0, s2gb: 0, sg_res: 0, sr: 1638400, stall: 0, stst: 0
Stopping: 1 Dist Diff: 0.1000 
Stopped 1 
Id: 1 LOST STEPS:0
id: 1, sr: 00000000
id: 1, adr: 111, cs_a: 25, fsact: 0, ola: 0, olb 0, ot: 0, otpw: 0, s2ga: 0, s2gb: 0, sg_res: 0, sr: 1638400, stall: 0, stst: 0
Go 0 SpeedFac:-0.002828 DistDiff:167.875000 
Stopping: 0 Dist Diff: 0.1250 
Stopped 0 
Id: 0 LOST STEPS:0
id: 0, sr: 00000000
id: 0, adr: 111, cs_a: 25, fsact: 0, ola: 0, olb 0, ot: 0, otpw: 0, s2ga: 0, s2gb: 0, sg_res: 0, sr: 1638400, stall: 0, stst: 0
