Go 0 SpeedFac:0.002720 DistDiff:-168.000000 
Go 1 SpeedFac:0.002520 DistDiff:-168.000000 
Stopping: 0 Dist Diff: -0.1125 
Stopped 0 
Id: 0 LOST STEPS:0
id: 0, adr: 111, cs_a: 25, fsact: 0, ola: 0, olb 0, ot: 0, otpw: 0, s2ga: 0, s2gb: 0, sg_res: 0, sr: 1638400, stall: 0, stst: 0
Stopping: 1 Dist Diff: -137.3375 
Stopped 1 
Id: 1 LOST STEPS:0
id: 1, adr: 111, cs_a: 25, fsact: 0, ola: 1, olb 1, ot: 0, otpw: 0, s2ga: 0, s2gb: 1, sg_res: 0, sr: 1880686592, stall: 0, stst: 0
Go 1 SpeedFac:0.008196 DistDiff:-137.300000 
Stopping: 1 Dist Diff: -0.1125 
Stopped 1 
Id: 1 LOST STEPS:0
id: 1, adr: 111, cs_a: 25, fsact: 0, ola: 1, olb 1, ot: 0, otpw: 0, s2ga: 0, s2gb: 1, sg_res: 0, sr: 1880686592, stall: 0, stst: 0
Go 0 SpeedFac:-0.002776 DistDiff:167.887500 
Go 1 SpeedFac:-0.003140 DistDiff:167.887500 
Stopping: 0 Dist Diff: 0.1125 
Stopping: 1 Dist Diff: 0.1250 
Stopped 0 
Id: 0 LOST STEPS:0
id: 0, adr: 111, cs_a: 25, fsact: 0, ola: 0, olb 0, ot: 0, otpw: 0, s2ga: 0, s2gb: 0, sg_res: 0, sr: 1638400, stall: 0, stst: 0
Stopped 1 
Id: 1 LOST STEPS:0
id: 1, adr: 111, cs_a: 25, fsact: 0, ola: 1, olb 1, ot: 0, otpw: 0, s2ga: 0, s2gb: 1, sg_res: 0, sr: 1880686592, stall: 0, stst: 0
