
 avg:0.00,0.00,0.00,0.00 st:0,0,0,0 dt:493,493,493,493 RPM:0.00,0.00,0.00,0.00 NoArt:62
 avg:0.00,0.00,0.00,0.00 st:0,0,0,0 dt:483,483,483,483 RPM:0.00,0.00,0.00,0.00 NoArt:0
 
 avg:52.00,0.00,0.00,0.00 st:10,0,0,0 dt:527,528,528,528 RPM:360.94,0.00,0.00,0.00 NoArt:42
 avg:52.00,0.00,0.00,0.00 st:10,0,0,0 dt:524,524,524,524 RPM:360.94,0.00,0.00,0.00 NoArt:53
 avg:55.00,0.00,0.00,0.00 st:9,0,0,0  dt:498,498,498,500 RPM:360.94,0.00,0.00,0.00 NoArt:0



 avg:48.00,534.00,0.00,0.00 st:11,1,0,0 dt:537,534,534,534 RPM:360.94,46.88,0.00,0.00 NoArt:56
 avg:50.00,510.00,0.00,0.00 st:10,1,0,0 dt:508,510,510,510 RPM:360.94,51.56,0.00,0.00 NoArt:0

 
 avg:50.00,78.00,0.00,0.00 st:11,7,0,0 dt:551,551,551,551 RPM:360.94,234.38,0.00,0.00 NoArt:27
 avg:50.00,85.00,0.00,0.00 st:10,6,0,0 dt:508,511,511,511 RPM:360.94,234.38,0.00,0.00 NoArt:0
 

 avg:50.00,55.00,0.00,0.00 st:11,10,0,0 dt:554,554,552,552 RPM:360.94,337.51,0.00,0.00 NoArt:28
 avg:51.00,57.00,0.00,0.00 st:10,9,0,0 dt:516,516,516,516 RPM:360.94,337.51,0.00,0.00 NoArt:0

 
 avg:55.00,50.00,0.00,0.00 st:10,11,0,0 dt:555,556,558,558 RPM:360.94,356.26,0.00,0.00 NoArt:54
 avg:51.00,56.00,0.00,0.00 st:10,9,0,0 dt:512,512,513,513 RPM:360.94,356.26,0.00,0.00 NoArt:0

 
 avg:53.00,48.00,53.00,0.00 st:11,12,11,0 dt:585,587,590,588 RPM:360.94,356.26,323.44,0.00 NoArt:26
 avg:48.00,53.00,59.00,0.00 st:11,10,9,0 dt:536,538,535,533 RPM:360.94,356.26,323.44,0.00 NoArt:0

 
 avg:53.00,53.00,53.00,0.00 st:11,11,11,0 dt:587,588,588,589 RPM:360.94,356.26,351.57,0.00 NoArt:52
 avg:52.00,52.00,52.00,0.00 st:10,10,10,0 dt:528,528,528,531 RPM:360.94,356.26,351.57,0.00 NoArt:0

 
 avg:52.00,52.00,52.00,56.00 st:12,12,12,11 dt:624,626,626,626 RPM:360.94,356.26,351.57,332.82 NoArt:49
 avg:54.00,54.00,54.00,54.00 st:10,10,10,10 dt:547,545,547,547 RPM:360.94,356.26,351.57,332.82 NoArt:0

 
 avg:53.00,53.00,53.00,0.00 st:11,11,11,0 dt:587,586,586,587 RPM:360.94,356.26,351.57,0.00 NoArt:25
 avg:52.00,52.00,52.00,0.00 st:10,10,10,0 dt:526,527,528,528 RPM:360.94,356.26,351.57,0.00 NoArt:0

 
 avg:52.00,0.00,0.00,0.00 st:10,0,0,0 dt:523,523,522,522 RPM:360.94,0.00,0.00,0.00 NoArt:58
 avg:55.00,0.00,0.00,0.00 st:9,0,0,0 dt:498,497,499,499 RPM:360.94,0.00,0.00,0.00 NoArt:0

 avg:0.00,0.00,0.00,0.00 st:0,0,0,0 dt:494,494,494,494 RPM:0.00,0.00,0.00,0.00 NoArt:29
 avg:0.00,0.00,0.00,0.00 st:0,0,0,0 dt:485,485,485,485 RPM:0.00,0.00,0.00,0.00 NoArt:0